nohup: ignoring input
command line args [--dataset amazon-books] will not be used in RecBole
23 Jun 13:38    INFO
General Hyper Parameters:
gpu_id = 1
use_gpu = True
seed = 2020
state = INFO
reproducibility = True
data_path = dataset/amazon-books
checkpoint_dir = saved
show_progress = False
save_dataset = True
dataset_save_path = None
save_dataloaders = False
dataloaders_save_path = None
log_wandb = False

Training Hyper Parameters:
epochs = 300
train_batch_size = 2048
learner = adam
learning_rate = 0.001
neg_sampling = {'uniform': 1}
eval_step = 1
stopping_step = 10
clip_grad_norm = None
weight_decay = 0.0
loss_decimal_place = 4

Evaluation Hyper Parameters:
eval_args = {'split': {'RS': [0.8, 0.1, 0.1]}, 'group_by': 'user', 'order': 'RO', 'mode': 'full'}
repeatable = False
metrics = ['Recall', 'NDCG']
topk = [10, 20, 50]
valid_metric = NDCG@10
valid_metric_bigger = True
eval_batch_size = 4096000
metric_decimal_place = 4

Dataset Hyper Parameters:
field_separator =
seq_separator =
USER_ID_FIELD = user_id
ITEM_ID_FIELD = item_id
RATING_FIELD = rating
TIME_FIELD = timestamp
seq_len = None
LABEL_FIELD = label
threshold = None
NEG_PREFIX = neg_
load_col = {'inter': ['user_id', 'item_id', 'rating']}
unload_col = None
unused_col = None
additional_feat_suffix = None
rm_dup_inter = None
val_interval = {'rating': '[3,inf)'}
filter_inter_by_user_or_item = True
user_inter_num_interval = [15,inf)
item_inter_num_interval = [15,inf)
alias_of_user_id = None
alias_of_item_id = None
alias_of_entity_id = None
alias_of_relation_id = None
preload_weight = None
normalize_field = None
normalize_all = None
ITEM_LIST_LENGTH_FIELD = item_length
LIST_SUFFIX = _list
MAX_ITEM_LIST_LENGTH = 50
POSITION_FIELD = position_id
HEAD_ENTITY_ID_FIELD = head_id
TAIL_ENTITY_ID_FIELD = tail_id
RELATION_ID_FIELD = relation_id
ENTITY_ID_FIELD = entity_id
benchmark_filename = None

Other Hyper Parameters:
wandb_project = recbole
require_pow = False
MODEL_TYPE = ModelType.GENERAL
eval_setting = {'split': {'RS': [0.8, 0.1, 0.1]}, 'order': 'RO', 'group_by': 'user', 'mode': 'full'}
embedding_size = 64
n_layers = 3
reg_weight = 0.0001
hyper_layer = 2
alpha = 0.5
gamma = 1
TopK = 5
user_threshold = 0.8
item_threshold = 0.8
ssl_temp = 0.1
ssl_reg = 1e-06
info_reg = 1e-06
MODEL_INPUT_TYPE = InputType.PAIRWISE
eval_type = EvaluatorType.RANKING
device = cuda
train_neg_sample_args = {'strategy': 'by', 'by': 1, 'distribution': 'uniform', 'dynamic': 'none'}
eval_neg_sample_args = {'strategy': 'full', 'distribution': 'uniform'}


23 Jun 13:40    INFO  Saving filtered dataset into [saved/amazon-books-dataset.pth]
23 Jun 13:40    INFO  amazon-books
The number of users: 58145
Average actions of users: 43.296591221794166
The number of items: 58052
Average actions of items: 43.36595407486521
The number of inters: 2517437
The sparsity of the dataset: 99.9254188544918%
Remain Fields: ['user_id', 'item_id', 'rating']
23 Jun 13:40    INFO  [Training]: train_batch_size = [2048] negative sampling: [{'uniform': 1}]
23 Jun 13:40    INFO  [Evaluation]: eval_batch_size = [4096000] eval_args: [{'split': {'RS': [0.8, 0.1, 0.1]}, 'group_by': 'user', 'order': 'RO', 'mode': 'full'}]
already load topK matrix (116197, 116197) 0.025983572006225586
23 Jun 13:40    INFO  NCL(
  (user_embedding): Embedding(58145, 64)
  (item_embedding): Embedding(58052, 64)
  (mf_loss): BPRLoss()
  (reg_loss): EmbLoss()
)
Trainable parameters: 7436608
23 Jun 13:42    INFO  epoch 0 training [time: 88.48s, train_loss1: 685.6822, train_loss2: 1.6791, train_loss3: 3.3680]
23 Jun 13:42    INFO  epoch 0 evaluating [time: 2.87s, valid_score: 0.013900]
23 Jun 13:42    INFO  valid result:
recall@10 : 0.0189    recall@20 : 0.0272    recall@50 : 0.047    ndcg@10 : 0.0139    ndcg@20 : 0.0164    ndcg@50 : 0.0215
23 Jun 13:42    INFO  Saving current: saved/NCL-Jun-23-2022_13-40-49.pth
23 Jun 13:42    INFO  Saving current best: saved/NCL-Jun-23-2022_13-40-49.pth
23 Jun 13:43    INFO  epoch 1 training [time: 89.79s, train_loss1: 232.0100, train_loss2: 13.5755, train_loss3: 21.0832]
23 Jun 13:43    INFO  epoch 1 evaluating [time: 3.28s, valid_score: 0.028300]
23 Jun 13:43    INFO  valid result:
recall@10 : 0.0406    recall@20 : 0.0632    recall@50 : 0.113    ndcg@10 : 0.0283    ndcg@20 : 0.0353    ndcg@50 : 0.0481
23 Jun 13:43    INFO  Saving current: saved/NCL-Jun-23-2022_13-40-49.pth
23 Jun 13:43    INFO  Saving current best: saved/NCL-Jun-23-2022_13-40-49.pth
23 Jun 13:45    INFO  epoch 2 training [time: 93.06s, train_loss1: 130.3789, train_loss2: 12.3549, train_loss3: 19.3548]
23 Jun 13:45    INFO  epoch 2 evaluating [time: 2.85s, valid_score: 0.032400]
23 Jun 13:45    INFO  valid result:
recall@10 : 0.0464    recall@20 : 0.0729    recall@50 : 0.1294    ndcg@10 : 0.0324    ndcg@20 : 0.0405    ndcg@50 : 0.0552
23 Jun 13:45    INFO  Saving current: saved/NCL-Jun-23-2022_13-40-49.pth
23 Jun 13:45    INFO  Saving current best: saved/NCL-Jun-23-2022_13-40-49.pth
23 Jun 13:46    INFO  epoch 3 training [time: 88.95s, train_loss1: 111.6242, train_loss2: 11.0983, train_loss3: 17.5781]
23 Jun 13:47    INFO  epoch 3 evaluating [time: 2.81s, valid_score: 0.035800]
23 Jun 13:47    INFO  valid result:
recall@10 : 0.0513    recall@20 : 0.0799    recall@50 : 0.1418    ndcg@10 : 0.0358    ndcg@20 : 0.0445    ndcg@50 : 0.0606
23 Jun 13:47    INFO  Saving current: saved/NCL-Jun-23-2022_13-40-49.pth
23 Jun 13:47    INFO  Saving current best: saved/NCL-Jun-23-2022_13-40-49.pth
23 Jun 13:48    INFO  epoch 4 training [time: 92.32s, train_loss1: 99.7403, train_loss2: 10.2073, train_loss3: 16.3158]
23 Jun 13:48    INFO  epoch 4 evaluating [time: 2.93s, valid_score: 0.038400]
23 Jun 13:48    INFO  valid result:
recall@10 : 0.0551    recall@20 : 0.0859    recall@50 : 0.1511    ndcg@10 : 0.0384    ndcg@20 : 0.0479    ndcg@50 : 0.0648
23 Jun 13:48    INFO  Saving current: saved/NCL-Jun-23-2022_13-40-49.pth
23 Jun 13:48    INFO  Saving current best: saved/NCL-Jun-23-2022_13-40-49.pth
23 Jun 13:50    INFO  epoch 5 training [time: 89.71s, train_loss1: 91.8106, train_loss2: 9.5093, train_loss3: 15.3248]
23 Jun 13:50    INFO  epoch 5 evaluating [time: 3.00s, valid_score: 0.040900]
23 Jun 13:50    INFO  valid result:
recall@10 : 0.0584    recall@20 : 0.0915    recall@50 : 0.159    ndcg@10 : 0.0409    ndcg@20 : 0.0511    ndcg@50 : 0.0686
23 Jun 13:50    INFO  Saving current: saved/NCL-Jun-23-2022_13-40-49.pth
23 Jun 13:50    INFO  Saving current best: saved/NCL-Jun-23-2022_13-40-49.pth
23 Jun 13:51    INFO  epoch 6 training [time: 92.69s, train_loss1: 85.3514, train_loss2: 8.9334, train_loss3: 14.5034]
23 Jun 13:51    INFO  epoch 6 evaluating [time: 2.79s, valid_score: 0.043300]
23 Jun 13:51    INFO  valid result:
recall@10 : 0.0615    recall@20 : 0.0969    recall@50 : 0.1671    ndcg@10 : 0.0433    ndcg@20 : 0.0541    ndcg@50 : 0.0724
23 Jun 13:51    INFO  Saving current: saved/NCL-Jun-23-2022_13-40-49.pth
23 Jun 13:51    INFO  Saving current best: saved/NCL-Jun-23-2022_13-40-49.pth
23 Jun 13:53    INFO  epoch 7 training [time: 92.78s, train_loss1: 79.8479, train_loss2: 8.4488, train_loss3: 13.8091]
23 Jun 13:53    INFO  epoch 7 evaluating [time: 2.89s, valid_score: 0.045300]
23 Jun 13:53    INFO  valid result:
recall@10 : 0.0646    recall@20 : 0.1009    recall@50 : 0.1731    ndcg@10 : 0.0453    ndcg@20 : 0.0564    ndcg@50 : 0.0753
23 Jun 13:53    INFO  Saving current: saved/NCL-Jun-23-2022_13-40-49.pth
23 Jun 13:53    INFO  Saving current best: saved/NCL-Jun-23-2022_13-40-49.pth
23 Jun 13:54    INFO  epoch 8 training [time: 89.76s, train_loss1: 75.4395, train_loss2: 8.0290, train_loss3: 13.2040]
23 Jun 13:54    INFO  epoch 8 evaluating [time: 2.88s, valid_score: 0.047600]
23 Jun 13:54    INFO  valid result:
recall@10 : 0.0679    recall@20 : 0.1052    recall@50 : 0.1793    ndcg@10 : 0.0476    ndcg@20 : 0.0591    ndcg@50 : 0.0784
23 Jun 13:54    INFO  Saving current: saved/NCL-Jun-23-2022_13-40-49.pth
23 Jun 13:54    INFO  Saving current best: saved/NCL-Jun-23-2022_13-40-49.pth
23 Jun 13:56    INFO  epoch 9 training [time: 91.25s, train_loss1: 71.6845, train_loss2: 7.6584, train_loss3: 12.6685]
23 Jun 13:56    INFO  epoch 9 evaluating [time: 2.83s, valid_score: 0.049500]
23 Jun 13:56    INFO  valid result:
recall@10 : 0.0705    recall@20 : 0.109    recall@50 : 0.1839    ndcg@10 : 0.0495    ndcg@20 : 0.0613    ndcg@50 : 0.0809
23 Jun 13:56    INFO  Saving current: saved/NCL-Jun-23-2022_13-40-49.pth
23 Jun 13:56    INFO  Saving current best: saved/NCL-Jun-23-2022_13-40-49.pth
23 Jun 13:58    INFO  epoch 10 training [time: 90.18s, train_loss1: 68.5139, train_loss2: 7.3311, train_loss3: 12.1941]
23 Jun 13:58    INFO  epoch 10 evaluating [time: 2.85s, valid_score: 0.051500]
23 Jun 13:58    INFO  valid result:
recall@10 : 0.0731    recall@20 : 0.112    recall@50 : 0.1885    ndcg@10 : 0.0515    ndcg@20 : 0.0635    ndcg@50 : 0.0834
23 Jun 13:58    INFO  Saving current: saved/NCL-Jun-23-2022_13-40-49.pth
23 Jun 13:58    INFO  Saving current best: saved/NCL-Jun-23-2022_13-40-49.pth
23 Jun 13:59    INFO  epoch 11 training [time: 90.45s, train_loss1: 65.0941, train_loss2: 7.0392, train_loss3: 11.7661]
23 Jun 13:59    INFO  epoch 11 evaluating [time: 2.90s, valid_score: 0.053300]
23 Jun 13:59    INFO  valid result:
recall@10 : 0.0754    recall@20 : 0.1158    recall@50 : 0.1928    ndcg@10 : 0.0533    ndcg@20 : 0.0657    ndcg@50 : 0.0858
23 Jun 13:59    INFO  Saving current: saved/NCL-Jun-23-2022_13-40-49.pth
23 Jun 13:59    INFO  Saving current best: saved/NCL-Jun-23-2022_13-40-49.pth
23 Jun 14:01    INFO  epoch 12 training [time: 90.71s, train_loss1: 62.4804, train_loss2: 6.7764, train_loss3: 11.3782]
23 Jun 14:01    INFO  epoch 12 evaluating [time: 2.73s, valid_score: 0.054900]
23 Jun 14:01    INFO  valid result:
recall@10 : 0.0774    recall@20 : 0.1185    recall@50 : 0.1959    ndcg@10 : 0.0549    ndcg@20 : 0.0675    ndcg@50 : 0.0878
23 Jun 14:01    INFO  Saving current: saved/NCL-Jun-23-2022_13-40-49.pth
23 Jun 14:01    INFO  Saving current best: saved/NCL-Jun-23-2022_13-40-49.pth
23 Jun 14:02    INFO  epoch 13 training [time: 89.71s, train_loss1: 60.3320, train_loss2: 6.5247, train_loss3: 11.0060]
23 Jun 14:02    INFO  epoch 13 evaluating [time: 2.81s, valid_score: 0.056400]
23 Jun 14:02    INFO  valid result:
recall@10 : 0.0795    recall@20 : 0.1215    recall@50 : 0.199    ndcg@10 : 0.0564    ndcg@20 : 0.0693    ndcg@50 : 0.0896
23 Jun 14:02    INFO  Saving current: saved/NCL-Jun-23-2022_13-40-49.pth
23 Jun 14:02    INFO  Saving current best: saved/NCL-Jun-23-2022_13-40-49.pth
23 Jun 14:04    INFO  epoch 14 training [time: 92.85s, train_loss1: 58.0431, train_loss2: 6.3072, train_loss3: 10.6836]
23 Jun 14:04    INFO  epoch 14 evaluating [time: 2.80s, valid_score: 0.057600]
23 Jun 14:04    INFO  valid result:
recall@10 : 0.0812    recall@20 : 0.1229    recall@50 : 0.2016    ndcg@10 : 0.0576    ndcg@20 : 0.0704    ndcg@50 : 0.091
23 Jun 14:04    INFO  Saving current: saved/NCL-Jun-23-2022_13-40-49.pth
23 Jun 14:04    INFO  Saving current best: saved/NCL-Jun-23-2022_13-40-49.pth
23 Jun 14:05    INFO  epoch 15 training [time: 89.60s, train_loss1: 56.2451, train_loss2: 6.1131, train_loss3: 10.3932]
23 Jun 14:05    INFO  epoch 15 evaluating [time: 2.86s, valid_score: 0.059200]
23 Jun 14:05    INFO  valid result:
recall@10 : 0.0832    recall@20 : 0.1253    recall@50 : 0.2041    ndcg@10 : 0.0592    ndcg@20 : 0.0721    ndcg@50 : 0.0928
23 Jun 14:05    INFO  Saving current: saved/NCL-Jun-23-2022_13-40-49.pth
23 Jun 14:05    INFO  Saving current best: saved/NCL-Jun-23-2022_13-40-49.pth
23 Jun 14:07    INFO  epoch 16 training [time: 91.07s, train_loss1: 54.2191, train_loss2: 5.9189, train_loss3: 10.1035]
23 Jun 14:07    INFO  epoch 16 evaluating [time: 2.65s, valid_score: 0.060400]
23 Jun 14:07    INFO  valid result:
recall@10 : 0.0848    recall@20 : 0.1271    recall@50 : 0.2065    ndcg@10 : 0.0604    ndcg@20 : 0.0733    ndcg@50 : 0.0942
23 Jun 14:07    INFO  Saving current: saved/NCL-Jun-23-2022_13-40-49.pth
23 Jun 14:07    INFO  Saving current best: saved/NCL-Jun-23-2022_13-40-49.pth
23 Jun 14:08    INFO  epoch 17 training [time: 89.10s, train_loss1: 52.4162, train_loss2: 5.7493, train_loss3: 9.8483]
23 Jun 14:08    INFO  epoch 17 evaluating [time: 2.62s, valid_score: 0.061500]
23 Jun 14:08    INFO  valid result:
recall@10 : 0.0861    recall@20 : 0.1291    recall@50 : 0.2094    ndcg@10 : 0.0615    ndcg@20 : 0.0747    ndcg@50 : 0.0958
23 Jun 14:08    INFO  Saving current: saved/NCL-Jun-23-2022_13-40-49.pth
23 Jun 14:08    INFO  Saving current best: saved/NCL-Jun-23-2022_13-40-49.pth
23 Jun 14:10    INFO  epoch 18 training [time: 89.35s, train_loss1: 50.8907, train_loss2: 5.5866, train_loss3: 9.6023]
23 Jun 14:10    INFO  epoch 18 evaluating [time: 2.53s, valid_score: 0.062600]
23 Jun 14:10    INFO  valid result:
recall@10 : 0.0876    recall@20 : 0.1311    recall@50 : 0.2116    ndcg@10 : 0.0626    ndcg@20 : 0.076    ndcg@50 : 0.0971
23 Jun 14:10    INFO  Saving current: saved/NCL-Jun-23-2022_13-40-49.pth
23 Jun 14:10    INFO  Saving current best: saved/NCL-Jun-23-2022_13-40-49.pth
23 Jun 14:12    INFO  epoch 19 training [time: 90.10s, train_loss1: 49.4380, train_loss2: 5.4358, train_loss3: 9.3728]
23 Jun 14:12    INFO  epoch 19 evaluating [time: 2.79s, valid_score: 0.063500]
23 Jun 14:12    INFO  valid result:
recall@10 : 0.0891    recall@20 : 0.1322    recall@50 : 0.213    ndcg@10 : 0.0635    ndcg@20 : 0.0768    ndcg@50 : 0.098
23 Jun 14:12    INFO  Saving current: saved/NCL-Jun-23-2022_13-40-49.pth
23 Jun 14:12    INFO  Saving current best: saved/NCL-Jun-23-2022_13-40-49.pth
23 Jun 14:13    INFO  epoch 20 training [time: 91.69s, train_loss1: 48.0875, train_loss2: 5.3044, train_loss3: 9.1727]
23 Jun 14:13    INFO  epoch 20 evaluating [time: 3.43s, valid_score: 0.064600]
23 Jun 14:13    INFO  valid result:
recall@10 : 0.0904    recall@20 : 0.1338    recall@50 : 0.2148    ndcg@10 : 0.0646    ndcg@20 : 0.0779    ndcg@50 : 0.0992
23 Jun 14:13    INFO  Saving current: saved/NCL-Jun-23-2022_13-40-49.pth
23 Jun 14:13    INFO  Saving current best: saved/NCL-Jun-23-2022_13-40-49.pth
23 Jun 14:15    INFO  epoch 21 training [time: 90.17s, train_loss1: 46.8410, train_loss2: 5.1733, train_loss3: 8.9734]
23 Jun 14:15    INFO  epoch 21 evaluating [time: 2.70s, valid_score: 0.065500]
23 Jun 14:15    INFO  valid result:
recall@10 : 0.0917    recall@20 : 0.1353    recall@50 : 0.2164    ndcg@10 : 0.0655    ndcg@20 : 0.0789    ndcg@50 : 0.1002
23 Jun 14:15    INFO  Saving current: saved/NCL-Jun-23-2022_13-40-49.pth
23 Jun 14:15    INFO  Saving current best: saved/NCL-Jun-23-2022_13-40-49.pth
23 Jun 14:16    INFO  epoch 22 training [time: 93.22s, train_loss1: 45.4702, train_loss2: 5.0484, train_loss3: 8.7816]
23 Jun 14:16    INFO  epoch 22 evaluating [time: 2.81s, valid_score: 0.066300]
23 Jun 14:16    INFO  valid result:
recall@10 : 0.0927    recall@20 : 0.1367    recall@50 : 0.2176    ndcg@10 : 0.0663    ndcg@20 : 0.0797    ndcg@50 : 0.101
23 Jun 14:16    INFO  Saving current: saved/NCL-Jun-23-2022_13-40-49.pth
23 Jun 14:16    INFO  Saving current best: saved/NCL-Jun-23-2022_13-40-49.pth
23 Jun 14:18    INFO  epoch 23 training [time: 89.53s, train_loss1: 44.4550, train_loss2: 4.9390, train_loss3: 8.6125]
23 Jun 14:18    INFO  epoch 23 evaluating [time: 2.60s, valid_score: 0.066900]
23 Jun 14:18    INFO  valid result:
recall@10 : 0.0935    recall@20 : 0.1376    recall@50 : 0.2197    ndcg@10 : 0.0669    ndcg@20 : 0.0804    ndcg@50 : 0.102
23 Jun 14:18    INFO  Saving current: saved/NCL-Jun-23-2022_13-40-49.pth
23 Jun 14:18    INFO  Saving current best: saved/NCL-Jun-23-2022_13-40-49.pth
23 Jun 14:19    INFO  epoch 24 training [time: 91.05s, train_loss1: 43.2190, train_loss2: 4.8287, train_loss3: 8.4422]
23 Jun 14:19    INFO  epoch 24 evaluating [time: 2.72s, valid_score: 0.067700]
23 Jun 14:19    INFO  valid result:
recall@10 : 0.0944    recall@20 : 0.1384    recall@50 : 0.221    ndcg@10 : 0.0677    ndcg@20 : 0.0812    ndcg@50 : 0.1029
23 Jun 14:19    INFO  Saving current: saved/NCL-Jun-23-2022_13-40-49.pth
23 Jun 14:19    INFO  Saving current best: saved/NCL-Jun-23-2022_13-40-49.pth
23 Jun 14:21    INFO  epoch 25 training [time: 93.45s, train_loss1: 42.4118, train_loss2: 4.7254, train_loss3: 8.2824]
23 Jun 14:21    INFO  epoch 25 evaluating [time: 2.70s, valid_score: 0.068400]
23 Jun 14:21    INFO  valid result:
recall@10 : 0.0952    recall@20 : 0.1396    recall@50 : 0.2227    ndcg@10 : 0.0684    ndcg@20 : 0.082    ndcg@50 : 0.1039
23 Jun 14:21    INFO  Saving current: saved/NCL-Jun-23-2022_13-40-49.pth
23 Jun 14:21    INFO  Saving current best: saved/NCL-Jun-23-2022_13-40-49.pth
23 Jun 14:23    INFO  epoch 26 training [time: 89.84s, train_loss1: 41.6710, train_loss2: 4.6268, train_loss3: 8.1298]
23 Jun 14:23    INFO  epoch 26 evaluating [time: 2.94s, valid_score: 0.069100]
23 Jun 14:23    INFO  valid result:
recall@10 : 0.096    recall@20 : 0.1411    recall@50 : 0.2237    ndcg@10 : 0.0691    ndcg@20 : 0.0829    ndcg@50 : 0.1047
23 Jun 14:23    INFO  Saving current: saved/NCL-Jun-23-2022_13-40-49.pth
23 Jun 14:23    INFO  Saving current best: saved/NCL-Jun-23-2022_13-40-49.pth
23 Jun 14:24    INFO  epoch 27 training [time: 92.22s, train_loss1: 40.4443, train_loss2: 4.5318, train_loss3: 7.9823]
23 Jun 14:24    INFO  epoch 27 evaluating [time: 2.79s, valid_score: 0.069700]
23 Jun 14:24    INFO  valid result:
recall@10 : 0.0971    recall@20 : 0.1416    recall@50 : 0.2247    ndcg@10 : 0.0697    ndcg@20 : 0.0833    ndcg@50 : 0.1052
23 Jun 14:24    INFO  Saving current: saved/NCL-Jun-23-2022_13-40-49.pth
23 Jun 14:24    INFO  Saving current best: saved/NCL-Jun-23-2022_13-40-49.pth
23 Jun 14:26    INFO  epoch 28 training [time: 90.53s, train_loss1: 39.7999, train_loss2: 4.4426, train_loss3: 7.8451]
23 Jun 14:26    INFO  epoch 28 evaluating [time: 2.96s, valid_score: 0.070700]
23 Jun 14:26    INFO  valid result:
recall@10 : 0.0981    recall@20 : 0.1428    recall@50 : 0.2263    ndcg@10 : 0.0707    ndcg@20 : 0.0843    ndcg@50 : 0.1063
23 Jun 14:26    INFO  Saving current: saved/NCL-Jun-23-2022_13-40-49.pth
23 Jun 14:26    INFO  Saving current best: saved/NCL-Jun-23-2022_13-40-49.pth
23 Jun 14:27    INFO  epoch 29 training [time: 90.08s, train_loss1: 38.9491, train_loss2: 4.3605, train_loss3: 7.7160]
23 Jun 14:27    INFO  epoch 29 evaluating [time: 2.77s, valid_score: 0.071200]
23 Jun 14:27    INFO  valid result:
recall@10 : 0.0986    recall@20 : 0.1436    recall@50 : 0.2273    ndcg@10 : 0.0712    ndcg@20 : 0.0849    ndcg@50 : 0.1069
23 Jun 14:27    INFO  Saving current: saved/NCL-Jun-23-2022_13-40-49.pth
23 Jun 14:27    INFO  Saving current best: saved/NCL-Jun-23-2022_13-40-49.pth
23 Jun 14:29    INFO  epoch 30 training [time: 90.46s, train_loss1: 38.6803, train_loss2: 4.2892, train_loss3: 7.6045]
23 Jun 14:29    INFO  epoch 30 evaluating [time: 2.56s, valid_score: 0.071800]
23 Jun 14:29    INFO  valid result:
recall@10 : 0.0994    recall@20 : 0.1447    recall@50 : 0.2287    ndcg@10 : 0.0718    ndcg@20 : 0.0856    ndcg@50 : 0.1077
23 Jun 14:29    INFO  Saving current: saved/NCL-Jun-23-2022_13-40-49.pth
23 Jun 14:29    INFO  Saving current best: saved/NCL-Jun-23-2022_13-40-49.pth
23 Jun 14:30    INFO  epoch 31 training [time: 89.51s, train_loss1: 37.2687, train_loss2: 4.2088, train_loss3: 7.4785]
23 Jun 14:30    INFO  epoch 31 evaluating [time: 2.70s, valid_score: 0.072200]
23 Jun 14:30    INFO  valid result:
recall@10 : 0.0999    recall@20 : 0.1456    recall@50 : 0.2296    ndcg@10 : 0.0722    ndcg@20 : 0.0861    ndcg@50 : 0.1082
23 Jun 14:30    INFO  Saving current: saved/NCL-Jun-23-2022_13-40-49.pth
23 Jun 14:30    INFO  Saving current best: saved/NCL-Jun-23-2022_13-40-49.pth
23 Jun 14:32    INFO  epoch 32 training [time: 90.02s, train_loss1: 36.8013, train_loss2: 4.1381, train_loss3: 7.3680]
23 Jun 14:32    INFO  epoch 32 evaluating [time: 2.98s, valid_score: 0.072600]
23 Jun 14:32    INFO  valid result:
recall@10 : 0.1002    recall@20 : 0.1464    recall@50 : 0.2301    ndcg@10 : 0.0726    ndcg@20 : 0.0867    ndcg@50 : 0.1088
23 Jun 14:32    INFO  Saving current: saved/NCL-Jun-23-2022_13-40-49.pth
23 Jun 14:32    INFO  Saving current best: saved/NCL-Jun-23-2022_13-40-49.pth
23 Jun 14:33    INFO  epoch 33 training [time: 90.88s, train_loss1: 36.3007, train_loss2: 4.0750, train_loss3: 7.2681]
23 Jun 14:33    INFO  epoch 33 evaluating [time: 2.76s, valid_score: 0.073100]
23 Jun 14:33    INFO  valid result:
recall@10 : 0.1007    recall@20 : 0.1465    recall@50 : 0.2314    ndcg@10 : 0.0731    ndcg@20 : 0.0871    ndcg@50 : 0.1095
23 Jun 14:33    INFO  Saving current: saved/NCL-Jun-23-2022_13-40-49.pth
23 Jun 14:33    INFO  Saving current best: saved/NCL-Jun-23-2022_13-40-49.pth
23 Jun 14:35    INFO  epoch 34 training [time: 90.51s, train_loss1: 35.3797, train_loss2: 4.0098, train_loss3: 7.1652]
23 Jun 14:35    INFO  epoch 34 evaluating [time: 2.72s, valid_score: 0.073600]
23 Jun 14:35    INFO  valid result:
recall@10 : 0.1015    recall@20 : 0.1471    recall@50 : 0.2317    ndcg@10 : 0.0736    ndcg@20 : 0.0875    ndcg@50 : 0.1099
23 Jun 14:35    INFO  Saving current: saved/NCL-Jun-23-2022_13-40-49.pth
23 Jun 14:35    INFO  Saving current best: saved/NCL-Jun-23-2022_13-40-49.pth
23 Jun 14:37    INFO  epoch 35 training [time: 90.85s, train_loss1: 35.2425, train_loss2: 3.9507, train_loss3: 7.0718]
23 Jun 14:37    INFO  epoch 35 evaluating [time: 2.54s, valid_score: 0.074000]
23 Jun 14:37    INFO  valid result:
recall@10 : 0.102    recall@20 : 0.1476    recall@50 : 0.2321    ndcg@10 : 0.074    ndcg@20 : 0.0879    ndcg@50 : 0.1103
23 Jun 14:37    INFO  Saving current: saved/NCL-Jun-23-2022_13-40-49.pth
23 Jun 14:37    INFO  Saving current best: saved/NCL-Jun-23-2022_13-40-49.pth
23 Jun 14:38    INFO  epoch 36 training [time: 90.10s, train_loss1: 34.3899, train_loss2: 3.8855, train_loss3: 6.9689]
23 Jun 14:38    INFO  epoch 36 evaluating [time: 2.67s, valid_score: 0.074400]
23 Jun 14:38    INFO  valid result:
recall@10 : 0.1026    recall@20 : 0.148    recall@50 : 0.233    ndcg@10 : 0.0744    ndcg@20 : 0.0883    ndcg@50 : 0.1108
23 Jun 14:38    INFO  Saving current: saved/NCL-Jun-23-2022_13-40-49.pth
23 Jun 14:38    INFO  Saving current best: saved/NCL-Jun-23-2022_13-40-49.pth
23 Jun 14:40    INFO  epoch 37 training [time: 91.19s, train_loss1: 33.9270, train_loss2: 3.8288, train_loss3: 6.8781]
23 Jun 14:40    INFO  epoch 37 evaluating [time: 2.70s, valid_score: 0.074700]
23 Jun 14:40    INFO  valid result:
recall@10 : 0.1028    recall@20 : 0.1486    recall@50 : 0.2336    ndcg@10 : 0.0747    ndcg@20 : 0.0887    ndcg@50 : 0.1112
23 Jun 14:40    INFO  Saving current: saved/NCL-Jun-23-2022_13-40-49.pth
23 Jun 14:40    INFO  Saving current best: saved/NCL-Jun-23-2022_13-40-49.pth
23 Jun 14:41    INFO  epoch 38 training [time: 90.25s, train_loss1: 33.4509, train_loss2: 3.7776, train_loss3: 6.7972]
23 Jun 14:41    INFO  epoch 38 evaluating [time: 2.82s, valid_score: 0.075300]
23 Jun 14:41    INFO  valid result:
recall@10 : 0.1034    recall@20 : 0.1488    recall@50 : 0.2343    ndcg@10 : 0.0753    ndcg@20 : 0.0892    ndcg@50 : 0.1118
23 Jun 14:41    INFO  Saving current: saved/NCL-Jun-23-2022_13-40-49.pth
23 Jun 14:41    INFO  Saving current best: saved/NCL-Jun-23-2022_13-40-49.pth
23 Jun 14:43    INFO  epoch 39 training [time: 92.07s, train_loss1: 33.0596, train_loss2: 3.7299, train_loss3: 6.7211]
23 Jun 14:43    INFO  epoch 39 evaluating [time: 3.35s, valid_score: 0.075600]
23 Jun 14:43    INFO  valid result:
recall@10 : 0.1037    recall@20 : 0.1498    recall@50 : 0.2347    ndcg@10 : 0.0756    ndcg@20 : 0.0897    ndcg@50 : 0.1121
23 Jun 14:43    INFO  Saving current: saved/NCL-Jun-23-2022_13-40-49.pth
23 Jun 14:43    INFO  Saving current best: saved/NCL-Jun-23-2022_13-40-49.pth
23 Jun 14:44    INFO  epoch 40 training [time: 90.02s, train_loss1: 32.4282, train_loss2: 3.6779, train_loss3: 6.6388]
23 Jun 14:44    INFO  epoch 40 evaluating [time: 2.69s, valid_score: 0.076000]
23 Jun 14:44    INFO  valid result:
recall@10 : 0.1042    recall@20 : 0.1505    recall@50 : 0.2355    ndcg@10 : 0.076    ndcg@20 : 0.0901    ndcg@50 : 0.1126
23 Jun 14:44    INFO  Saving current: saved/NCL-Jun-23-2022_13-40-49.pth
23 Jun 14:44    INFO  Saving current best: saved/NCL-Jun-23-2022_13-40-49.pth
23 Jun 14:46    INFO  epoch 41 training [time: 90.07s, train_loss1: 32.1326, train_loss2: 3.6331, train_loss3: 6.5660]
23 Jun 14:46    INFO  epoch 41 evaluating [time: 2.55s, valid_score: 0.076300]
23 Jun 14:46    INFO  valid result:
recall@10 : 0.1046    recall@20 : 0.151    recall@50 : 0.2359    ndcg@10 : 0.0763    ndcg@20 : 0.0905    ndcg@50 : 0.1129
23 Jun 14:46    INFO  Saving current: saved/NCL-Jun-23-2022_13-40-49.pth
23 Jun 14:46    INFO  Saving current best: saved/NCL-Jun-23-2022_13-40-49.pth
23 Jun 14:47    INFO  epoch 42 training [time: 89.96s, train_loss1: 31.7678, train_loss2: 3.5808, train_loss3: 6.4830]
23 Jun 14:48    INFO  epoch 42 evaluating [time: 2.59s, valid_score: 0.076500]
23 Jun 14:48    INFO  valid result:
recall@10 : 0.105    recall@20 : 0.1513    recall@50 : 0.2365    ndcg@10 : 0.0765    ndcg@20 : 0.0907    ndcg@50 : 0.1132
23 Jun 14:48    INFO  Saving current: saved/NCL-Jun-23-2022_13-40-49.pth
23 Jun 14:48    INFO  Saving current best: saved/NCL-Jun-23-2022_13-40-49.pth
23 Jun 14:49    INFO  epoch 43 training [time: 91.21s, train_loss1: 31.2819, train_loss2: 3.5347, train_loss3: 6.4094]
23 Jun 14:49    INFO  epoch 43 evaluating [time: 2.60s, valid_score: 0.076800]
23 Jun 14:49    INFO  valid result:
recall@10 : 0.1053    recall@20 : 0.152    recall@50 : 0.2368    ndcg@10 : 0.0768    ndcg@20 : 0.0911    ndcg@50 : 0.1135
23 Jun 14:49    INFO  Saving current: saved/NCL-Jun-23-2022_13-40-49.pth
23 Jun 14:49    INFO  Saving current best: saved/NCL-Jun-23-2022_13-40-49.pth
23 Jun 14:51    INFO  epoch 44 training [time: 90.08s, train_loss1: 30.9767, train_loss2: 3.4969, train_loss3: 6.3491]
23 Jun 14:51    INFO  epoch 44 evaluating [time: 2.57s, valid_score: 0.077000]
23 Jun 14:51    INFO  valid result:
recall@10 : 0.1056    recall@20 : 0.1522    recall@50 : 0.2371    ndcg@10 : 0.077    ndcg@20 : 0.0913    ndcg@50 : 0.1137
23 Jun 14:51    INFO  Saving current: saved/NCL-Jun-23-2022_13-40-49.pth
23 Jun 14:51    INFO  Saving current best: saved/NCL-Jun-23-2022_13-40-49.pth
23 Jun 14:52    INFO  epoch 45 training [time: 91.44s, train_loss1: 30.4402, train_loss2: 3.4546, train_loss3: 6.2815]
23 Jun 14:52    INFO  epoch 45 evaluating [time: 2.59s, valid_score: 0.077400]
23 Jun 14:52    INFO  valid result:
recall@10 : 0.1059    recall@20 : 0.1529    recall@50 : 0.2377    ndcg@10 : 0.0774    ndcg@20 : 0.0917    ndcg@50 : 0.1142
23 Jun 14:52    INFO  Saving current: saved/NCL-Jun-23-2022_13-40-49.pth
23 Jun 14:52    INFO  Saving current best: saved/NCL-Jun-23-2022_13-40-49.pth
23 Jun 14:54    INFO  epoch 46 training [time: 90.37s, train_loss1: 30.0660, train_loss2: 3.4138, train_loss3: 6.2158]
23 Jun 14:54    INFO  epoch 46 evaluating [time: 2.63s, valid_score: 0.077500]
23 Jun 14:54    INFO  valid result:
recall@10 : 0.1064    recall@20 : 0.1532    recall@50 : 0.2384    ndcg@10 : 0.0775    ndcg@20 : 0.0918    ndcg@50 : 0.1144
23 Jun 14:54    INFO  Saving current: saved/NCL-Jun-23-2022_13-40-49.pth
23 Jun 14:54    INFO  Saving current best: saved/NCL-Jun-23-2022_13-40-49.pth
23 Jun 14:55    INFO  epoch 47 training [time: 90.97s, train_loss1: 29.9444, train_loss2: 3.3779, train_loss3: 6.1578]
23 Jun 14:55    INFO  epoch 47 evaluating [time: 2.53s, valid_score: 0.077800]
23 Jun 14:55    INFO  valid result:
recall@10 : 0.1066    recall@20 : 0.1539    recall@50 : 0.2386    ndcg@10 : 0.0778    ndcg@20 : 0.0922    ndcg@50 : 0.1147
23 Jun 14:55    INFO  Saving current: saved/NCL-Jun-23-2022_13-40-49.pth
23 Jun 14:55    INFO  Saving current best: saved/NCL-Jun-23-2022_13-40-49.pth
23 Jun 14:57    INFO  epoch 48 training [time: 93.57s, train_loss1: 29.3160, train_loss2: 3.3512, train_loss3: 6.1149]
23 Jun 14:57    INFO  epoch 48 evaluating [time: 2.66s, valid_score: 0.078000]
23 Jun 14:57    INFO  valid result:
recall@10 : 0.1069    recall@20 : 0.1539    recall@50 : 0.2391    ndcg@10 : 0.078    ndcg@20 : 0.0924    ndcg@50 : 0.1149
23 Jun 14:57    INFO  Saving current: saved/NCL-Jun-23-2022_13-40-49.pth
23 Jun 14:57    INFO  Saving current best: saved/NCL-Jun-23-2022_13-40-49.pth
23 Jun 14:58    INFO  epoch 49 training [time: 91.38s, train_loss1: 29.2352, train_loss2: 3.3148, train_loss3: 6.0562]
23 Jun 14:58    INFO  epoch 49 evaluating [time: 2.78s, valid_score: 0.078400]
23 Jun 14:58    INFO  valid result:
recall@10 : 0.1072    recall@20 : 0.1542    recall@50 : 0.2397    ndcg@10 : 0.0784    ndcg@20 : 0.0927    ndcg@50 : 0.1153
23 Jun 14:58    INFO  Saving current: saved/NCL-Jun-23-2022_13-40-49.pth
23 Jun 14:58    INFO  Saving current best: saved/NCL-Jun-23-2022_13-40-49.pth
23 Jun 15:00    INFO  epoch 50 training [time: 89.81s, train_loss1: 28.8807, train_loss2: 3.2805, train_loss3: 6.0010]
23 Jun 15:00    INFO  epoch 50 evaluating [time: 2.77s, valid_score: 0.078500]
23 Jun 15:00    INFO  valid result:
recall@10 : 0.1076    recall@20 : 0.1545    recall@50 : 0.2402    ndcg@10 : 0.0785    ndcg@20 : 0.0928    ndcg@50 : 0.1155
23 Jun 15:00    INFO  Saving current: saved/NCL-Jun-23-2022_13-40-49.pth
23 Jun 15:00    INFO  Saving current best: saved/NCL-Jun-23-2022_13-40-49.pth
23 Jun 15:02    INFO  epoch 51 training [time: 90.12s, train_loss1: 28.5552, train_loss2: 3.2411, train_loss3: 5.9384]
23 Jun 15:02    INFO  epoch 51 evaluating [time: 2.50s, valid_score: 0.078800]
23 Jun 15:02    INFO  valid result:
recall@10 : 0.1077    recall@20 : 0.1548    recall@50 : 0.2407    ndcg@10 : 0.0788    ndcg@20 : 0.0932    ndcg@50 : 0.1159
23 Jun 15:02    INFO  Saving current: saved/NCL-Jun-23-2022_13-40-49.pth
23 Jun 15:02    INFO  Saving current best: saved/NCL-Jun-23-2022_13-40-49.pth
23 Jun 15:03    INFO  epoch 52 training [time: 89.90s, train_loss1: 28.1575, train_loss2: 3.2151, train_loss3: 5.8958]
23 Jun 15:03    INFO  epoch 52 evaluating [time: 2.64s, valid_score: 0.078900]
23 Jun 15:03    INFO  valid result:
recall@10 : 0.1078    recall@20 : 0.155    recall@50 : 0.241    ndcg@10 : 0.0789    ndcg@20 : 0.0934    ndcg@50 : 0.1161
23 Jun 15:03    INFO  Saving current: saved/NCL-Jun-23-2022_13-40-49.pth
23 Jun 15:03    INFO  Saving current best: saved/NCL-Jun-23-2022_13-40-49.pth
23 Jun 15:05    INFO  epoch 53 training [time: 92.37s, train_loss1: 27.8653, train_loss2: 3.1852, train_loss3: 5.8474]
23 Jun 15:05    INFO  epoch 53 evaluating [time: 2.80s, valid_score: 0.079200]
23 Jun 15:05    INFO  valid result:
recall@10 : 0.1082    recall@20 : 0.1557    recall@50 : 0.241    ndcg@10 : 0.0792    ndcg@20 : 0.0937    ndcg@50 : 0.1162
23 Jun 15:05    INFO  Saving current: saved/NCL-Jun-23-2022_13-40-49.pth
23 Jun 15:05    INFO  Saving current best: saved/NCL-Jun-23-2022_13-40-49.pth
23 Jun 15:06    INFO  epoch 54 training [time: 88.60s, train_loss1: 27.8094, train_loss2: 3.1627, train_loss3: 5.8095]
23 Jun 15:06    INFO  epoch 54 evaluating [time: 2.61s, valid_score: 0.079300]
23 Jun 15:06    INFO  valid result:
recall@10 : 0.1083    recall@20 : 0.1558    recall@50 : 0.2412    ndcg@10 : 0.0793    ndcg@20 : 0.0938    ndcg@50 : 0.1164
23 Jun 15:06    INFO  Saving current: saved/NCL-Jun-23-2022_13-40-49.pth
23 Jun 15:06    INFO  Saving current best: saved/NCL-Jun-23-2022_13-40-49.pth
23 Jun 15:08    INFO  epoch 55 training [time: 91.18s, train_loss1: 27.4919, train_loss2: 3.1325, train_loss3: 5.7611]
23 Jun 15:08    INFO  epoch 55 evaluating [time: 2.75s, valid_score: 0.079500]
23 Jun 15:08    INFO  valid result:
recall@10 : 0.1088    recall@20 : 0.156    recall@50 : 0.2412    ndcg@10 : 0.0795    ndcg@20 : 0.094    ndcg@50 : 0.1165
23 Jun 15:08    INFO  Saving current: saved/NCL-Jun-23-2022_13-40-49.pth
23 Jun 15:08    INFO  Saving current best: saved/NCL-Jun-23-2022_13-40-49.pth
23 Jun 15:09    INFO  epoch 56 training [time: 90.84s, train_loss1: 27.2559, train_loss2: 3.1022, train_loss3: 5.7114]
23 Jun 15:09    INFO  epoch 56 evaluating [time: 2.78s, valid_score: 0.079700]
23 Jun 15:09    INFO  valid result:
recall@10 : 0.109    recall@20 : 0.1561    recall@50 : 0.2417    ndcg@10 : 0.0797    ndcg@20 : 0.0942    ndcg@50 : 0.1168
23 Jun 15:09    INFO  Saving current: saved/NCL-Jun-23-2022_13-40-49.pth
23 Jun 15:09    INFO  Saving current best: saved/NCL-Jun-23-2022_13-40-49.pth
23 Jun 15:11    INFO  epoch 57 training [time: 89.96s, train_loss1: 26.8826, train_loss2: 3.0725, train_loss3: 5.6632]
23 Jun 15:11    INFO  epoch 57 evaluating [time: 2.55s, valid_score: 0.079900]
23 Jun 15:11    INFO  valid result:
recall@10 : 0.1091    recall@20 : 0.1561    recall@50 : 0.2421    ndcg@10 : 0.0799    ndcg@20 : 0.0943    ndcg@50 : 0.117
23 Jun 15:11    INFO  Saving current: saved/NCL-Jun-23-2022_13-40-49.pth
23 Jun 15:11    INFO  Saving current best: saved/NCL-Jun-23-2022_13-40-49.pth
23 Jun 15:12    INFO  epoch 58 training [time: 89.11s, train_loss1: 26.6178, train_loss2: 3.0566, train_loss3: 5.6362]
23 Jun 15:12    INFO  epoch 58 evaluating [time: 2.69s, valid_score: 0.080200]
23 Jun 15:12    INFO  valid result:
recall@10 : 0.1093    recall@20 : 0.1562    recall@50 : 0.2419    ndcg@10 : 0.0802    ndcg@20 : 0.0945    ndcg@50 : 0.1172
23 Jun 15:12    INFO  Saving current: saved/NCL-Jun-23-2022_13-40-49.pth
23 Jun 15:12    INFO  Saving current best: saved/NCL-Jun-23-2022_13-40-49.pth
23 Jun 15:14    INFO  epoch 59 training [time: 86.66s, train_loss1: 26.5454, train_loss2: 3.0335, train_loss3: 5.5980]
23 Jun 15:14    INFO  epoch 59 evaluating [time: 2.68s, valid_score: 0.080200]
23 Jun 15:14    INFO  valid result:
recall@10 : 0.1093    recall@20 : 0.1567    recall@50 : 0.2422    ndcg@10 : 0.0802    ndcg@20 : 0.0947    ndcg@50 : 0.1173
23 Jun 15:14    INFO  Saving current: saved/NCL-Jun-23-2022_13-40-49.pth
23 Jun 15:14    INFO  Saving current best: saved/NCL-Jun-23-2022_13-40-49.pth
23 Jun 15:15    INFO  epoch 60 training [time: 90.98s, train_loss1: 26.2138, train_loss2: 3.0118, train_loss3: 5.5627]
23 Jun 15:16    INFO  epoch 60 evaluating [time: 3.02s, valid_score: 0.080400]
23 Jun 15:16    INFO  valid result:
recall@10 : 0.1097    recall@20 : 0.1569    recall@50 : 0.2426    ndcg@10 : 0.0804    ndcg@20 : 0.0949    ndcg@50 : 0.1175
23 Jun 15:16    INFO  Saving current: saved/NCL-Jun-23-2022_13-40-49.pth
23 Jun 15:16    INFO  Saving current best: saved/NCL-Jun-23-2022_13-40-49.pth
23 Jun 15:17    INFO  epoch 61 training [time: 89.16s, train_loss1: 25.8317, train_loss2: 2.9870, train_loss3: 5.5234]
23 Jun 15:17    INFO  epoch 61 evaluating [time: 3.16s, valid_score: 0.080700]
23 Jun 15:17    INFO  valid result:
recall@10 : 0.1101    recall@20 : 0.1572    recall@50 : 0.2427    ndcg@10 : 0.0807    ndcg@20 : 0.0951    ndcg@50 : 0.1178
23 Jun 15:17    INFO  Saving current: saved/NCL-Jun-23-2022_13-40-49.pth
23 Jun 15:17    INFO  Saving current best: saved/NCL-Jun-23-2022_13-40-49.pth
23 Jun 15:19    INFO  epoch 62 training [time: 90.93s, train_loss1: 25.9144, train_loss2: 2.9573, train_loss3: 5.4755]
23 Jun 15:19    INFO  epoch 62 evaluating [time: 2.89s, valid_score: 0.080800]
23 Jun 15:19    INFO  valid result:
recall@10 : 0.1101    recall@20 : 0.1577    recall@50 : 0.2424    ndcg@10 : 0.0808    ndcg@20 : 0.0954    ndcg@50 : 0.1178
23 Jun 15:19    INFO  Saving current: saved/NCL-Jun-23-2022_13-40-49.pth
23 Jun 15:19    INFO  Saving current best: saved/NCL-Jun-23-2022_13-40-49.pth
23 Jun 15:20    INFO  epoch 63 training [time: 90.58s, train_loss1: 25.5785, train_loss2: 2.9362, train_loss3: 5.4399]
23 Jun 15:20    INFO  epoch 63 evaluating [time: 2.56s, valid_score: 0.081000]
23 Jun 15:20    INFO  valid result:
recall@10 : 0.1105    recall@20 : 0.1578    recall@50 : 0.2428    ndcg@10 : 0.081    ndcg@20 : 0.0955    ndcg@50 : 0.118
23 Jun 15:20    INFO  Saving current: saved/NCL-Jun-23-2022_13-40-49.pth
23 Jun 15:20    INFO  Saving current best: saved/NCL-Jun-23-2022_13-40-49.pth
23 Jun 15:22    INFO  epoch 64 training [time: 90.87s, train_loss1: 25.5126, train_loss2: 2.9188, train_loss3: 5.4118]
23 Jun 15:22    INFO  epoch 64 evaluating [time: 2.73s, valid_score: 0.080900]
23 Jun 15:22    INFO  valid result:
recall@10 : 0.1104    recall@20 : 0.1576    recall@50 : 0.2428    ndcg@10 : 0.0809    ndcg@20 : 0.0954    ndcg@50 : 0.1179
23 Jun 15:23    INFO  epoch 65 training [time: 91.02s, train_loss1: 25.3802, train_loss2: 2.9008, train_loss3: 5.3824]
23 Jun 15:23    INFO  epoch 65 evaluating [time: 2.54s, valid_score: 0.081000]
23 Jun 15:23    INFO  valid result:
recall@10 : 0.11    recall@20 : 0.1582    recall@50 : 0.2433    ndcg@10 : 0.081    ndcg@20 : 0.0957    ndcg@50 : 0.1182
23 Jun 15:23    INFO  Saving current: saved/NCL-Jun-23-2022_13-40-49.pth
23 Jun 15:23    INFO  Saving current best: saved/NCL-Jun-23-2022_13-40-49.pth
23 Jun 15:25    INFO  epoch 66 training [time: 91.46s, train_loss1: 25.0633, train_loss2: 2.8828, train_loss3: 5.3534]
23 Jun 15:25    INFO  epoch 66 evaluating [time: 2.66s, valid_score: 0.081100]
23 Jun 15:25    INFO  valid result:
recall@10 : 0.1106    recall@20 : 0.1585    recall@50 : 0.2434    ndcg@10 : 0.0811    ndcg@20 : 0.0959    ndcg@50 : 0.1183
23 Jun 15:25    INFO  Saving current: saved/NCL-Jun-23-2022_13-40-49.pth
23 Jun 15:25    INFO  Saving current best: saved/NCL-Jun-23-2022_13-40-49.pth
23 Jun 15:26    INFO  epoch 67 training [time: 89.21s, train_loss1: 25.0748, train_loss2: 2.8639, train_loss3: 5.3221]
23 Jun 15:26    INFO  epoch 67 evaluating [time: 2.85s, valid_score: 0.081300]
23 Jun 15:26    INFO  valid result:
recall@10 : 0.1108    recall@20 : 0.1587    recall@50 : 0.2437    ndcg@10 : 0.0813    ndcg@20 : 0.096    ndcg@50 : 0.1185
23 Jun 15:26    INFO  Saving current: saved/NCL-Jun-23-2022_13-40-49.pth
23 Jun 15:26    INFO  Saving current best: saved/NCL-Jun-23-2022_13-40-49.pth
23 Jun 15:28    INFO  epoch 68 training [time: 92.26s, train_loss1: 24.6922, train_loss2: 2.8399, train_loss3: 5.2833]
23 Jun 15:28    INFO  epoch 68 evaluating [time: 2.62s, valid_score: 0.081400]
23 Jun 15:28    INFO  valid result:
recall@10 : 0.111    recall@20 : 0.1586    recall@50 : 0.2438    ndcg@10 : 0.0814    ndcg@20 : 0.096    ndcg@50 : 0.1185
23 Jun 15:28    INFO  Saving current: saved/NCL-Jun-23-2022_13-40-49.pth
23 Jun 15:28    INFO  Saving current best: saved/NCL-Jun-23-2022_13-40-49.pth
23 Jun 15:30    INFO  epoch 69 training [time: 90.21s, train_loss1: 24.8983, train_loss2: 2.8239, train_loss3: 5.2562]
23 Jun 15:30    INFO  epoch 69 evaluating [time: 2.85s, valid_score: 0.081500]
23 Jun 15:30    INFO  valid result:
recall@10 : 0.1112    recall@20 : 0.159    recall@50 : 0.2442    ndcg@10 : 0.0815    ndcg@20 : 0.0962    ndcg@50 : 0.1187
23 Jun 15:30    INFO  Saving current: saved/NCL-Jun-23-2022_13-40-49.pth
23 Jun 15:30    INFO  Saving current best: saved/NCL-Jun-23-2022_13-40-49.pth
23 Jun 15:31    INFO  epoch 70 training [time: 89.89s, train_loss1: 24.6180, train_loss2: 2.8083, train_loss3: 5.2306]
23 Jun 15:31    INFO  epoch 70 evaluating [time: 2.76s, valid_score: 0.081700]
23 Jun 15:31    INFO  valid result:
recall@10 : 0.1115    recall@20 : 0.1591    recall@50 : 0.2446    ndcg@10 : 0.0817    ndcg@20 : 0.0963    ndcg@50 : 0.1189
23 Jun 15:31    INFO  Saving current: saved/NCL-Jun-23-2022_13-40-49.pth
23 Jun 15:31    INFO  Saving current best: saved/NCL-Jun-23-2022_13-40-49.pth
23 Jun 15:33    INFO  epoch 71 training [time: 90.43s, train_loss1: 24.1980, train_loss2: 2.7945, train_loss3: 5.2080]
23 Jun 15:33    INFO  epoch 71 evaluating [time: 2.76s, valid_score: 0.081500]
23 Jun 15:33    INFO  valid result:
recall@10 : 0.1112    recall@20 : 0.1598    recall@50 : 0.2444    ndcg@10 : 0.0815    ndcg@20 : 0.0964    ndcg@50 : 0.1188
23 Jun 15:34    INFO  epoch 72 training [time: 89.28s, train_loss1: 24.1313, train_loss2: 2.7757, train_loss3: 5.1771]
23 Jun 15:34    INFO  epoch 72 evaluating [time: 2.49s, valid_score: 0.081600]
23 Jun 15:34    INFO  valid result:
recall@10 : 0.1111    recall@20 : 0.1596    recall@50 : 0.2449    ndcg@10 : 0.0816    ndcg@20 : 0.0964    ndcg@50 : 0.119
23 Jun 15:36    INFO  epoch 73 training [time: 91.82s, train_loss1: 23.9131, train_loss2: 2.7626, train_loss3: 5.1546]
23 Jun 15:36    INFO  epoch 73 evaluating [time: 2.79s, valid_score: 0.081500]
23 Jun 15:36    INFO  valid result:
recall@10 : 0.111    recall@20 : 0.1596    recall@50 : 0.2444    ndcg@10 : 0.0815    ndcg@20 : 0.0964    ndcg@50 : 0.1188
23 Jun 15:37    INFO  epoch 74 training [time: 91.05s, train_loss1: 23.7454, train_loss2: 2.7494, train_loss3: 5.1325]
23 Jun 15:37    INFO  epoch 74 evaluating [time: 2.74s, valid_score: 0.081700]
23 Jun 15:37    INFO  valid result:
recall@10 : 0.1113    recall@20 : 0.1598    recall@50 : 0.2445    ndcg@10 : 0.0817    ndcg@20 : 0.0966    ndcg@50 : 0.1189
23 Jun 15:37    INFO  Saving current: saved/NCL-Jun-23-2022_13-40-49.pth
23 Jun 15:37    INFO  Saving current best: saved/NCL-Jun-23-2022_13-40-49.pth
23 Jun 15:39    INFO  epoch 75 training [time: 91.98s, train_loss1: 23.5564, train_loss2: 2.7285, train_loss3: 5.0990]
23 Jun 15:39    INFO  epoch 75 evaluating [time: 2.72s, valid_score: 0.081700]
23 Jun 15:39    INFO  valid result:
recall@10 : 0.1113    recall@20 : 0.1596    recall@50 : 0.2448    ndcg@10 : 0.0817    ndcg@20 : 0.0965    ndcg@50 : 0.119
23 Jun 15:39    INFO  Saving current: saved/NCL-Jun-23-2022_13-40-49.pth
23 Jun 15:39    INFO  Saving current best: saved/NCL-Jun-23-2022_13-40-49.pth
23 Jun 15:41    INFO  epoch 76 training [time: 95.13s, train_loss1: 23.5000, train_loss2: 2.7172, train_loss3: 5.0795]
23 Jun 15:41    INFO  epoch 76 evaluating [time: 2.76s, valid_score: 0.081800]
23 Jun 15:41    INFO  valid result:
recall@10 : 0.1114    recall@20 : 0.1601    recall@50 : 0.2447    ndcg@10 : 0.0818    ndcg@20 : 0.0968    ndcg@50 : 0.1191
23 Jun 15:41    INFO  Saving current: saved/NCL-Jun-23-2022_13-40-49.pth
23 Jun 15:41    INFO  Saving current best: saved/NCL-Jun-23-2022_13-40-49.pth
23 Jun 15:42    INFO  epoch 77 training [time: 94.63s, train_loss1: 23.6247, train_loss2: 2.6963, train_loss3: 5.0457]
23 Jun 15:42    INFO  epoch 77 evaluating [time: 2.96s, valid_score: 0.081900]
23 Jun 15:42    INFO  valid result:
recall@10 : 0.1115    recall@20 : 0.1601    recall@50 : 0.2449    ndcg@10 : 0.0819    ndcg@20 : 0.0968    ndcg@50 : 0.1192
23 Jun 15:42    INFO  Saving current: saved/NCL-Jun-23-2022_13-40-49.pth
23 Jun 15:42    INFO  Saving current best: saved/NCL-Jun-23-2022_13-40-49.pth
23 Jun 15:44    INFO  epoch 78 training [time: 88.16s, train_loss1: 23.3543, train_loss2: 2.6826, train_loss3: 5.0236]
23 Jun 15:44    INFO  epoch 78 evaluating [time: 3.47s, valid_score: 0.082000]
23 Jun 15:44    INFO  valid result:
recall@10 : 0.1117    recall@20 : 0.16    recall@50 : 0.2452    ndcg@10 : 0.082    ndcg@20 : 0.0968    ndcg@50 : 0.1193
23 Jun 15:44    INFO  Saving current: saved/NCL-Jun-23-2022_13-40-49.pth
23 Jun 15:44    INFO  Saving current best: saved/NCL-Jun-23-2022_13-40-49.pth
23 Jun 15:45    INFO  epoch 79 training [time: 91.18s, train_loss1: 23.2117, train_loss2: 2.6690, train_loss3: 5.0010]
23 Jun 15:45    INFO  epoch 79 evaluating [time: 2.90s, valid_score: 0.082000]
23 Jun 15:45    INFO  valid result:
recall@10 : 0.1117    recall@20 : 0.1601    recall@50 : 0.2452    ndcg@10 : 0.082    ndcg@20 : 0.0969    ndcg@50 : 0.1194
23 Jun 15:45    INFO  Saving current: saved/NCL-Jun-23-2022_13-40-49.pth
23 Jun 15:45    INFO  Saving current best: saved/NCL-Jun-23-2022_13-40-49.pth
23 Jun 15:47    INFO  epoch 80 training [time: 89.71s, train_loss1: 23.1661, train_loss2: 2.6595, train_loss3: 4.9848]
23 Jun 15:47    INFO  epoch 80 evaluating [time: 2.60s, valid_score: 0.082000]
23 Jun 15:47    INFO  valid result:
recall@10 : 0.1116    recall@20 : 0.1601    recall@50 : 0.2455    ndcg@10 : 0.082    ndcg@20 : 0.0968    ndcg@50 : 0.1194
23 Jun 15:47    INFO  Saving current: saved/NCL-Jun-23-2022_13-40-49.pth
23 Jun 15:47    INFO  Saving current best: saved/NCL-Jun-23-2022_13-40-49.pth
23 Jun 15:48    INFO  epoch 81 training [time: 91.35s, train_loss1: 22.9644, train_loss2: 2.6458, train_loss3: 4.9622]
23 Jun 15:48    INFO  epoch 81 evaluating [time: 2.89s, valid_score: 0.082200]
23 Jun 15:48    INFO  valid result:
recall@10 : 0.1119    recall@20 : 0.1597    recall@50 : 0.2451    ndcg@10 : 0.0822    ndcg@20 : 0.0968    ndcg@50 : 0.1194
23 Jun 15:48    INFO  Saving current: saved/NCL-Jun-23-2022_13-40-49.pth
23 Jun 15:48    INFO  Saving current best: saved/NCL-Jun-23-2022_13-40-49.pth
23 Jun 15:50    INFO  epoch 82 training [time: 90.38s, train_loss1: 22.8706, train_loss2: 2.6296, train_loss3: 4.9355]
23 Jun 15:50    INFO  epoch 82 evaluating [time: 2.67s, valid_score: 0.082100]
23 Jun 15:50    INFO  valid result:
recall@10 : 0.1117    recall@20 : 0.1598    recall@50 : 0.2453    ndcg@10 : 0.0821    ndcg@20 : 0.0969    ndcg@50 : 0.1195
23 Jun 15:51    INFO  epoch 83 training [time: 90.26s, train_loss1: 22.8972, train_loss2: 2.6224, train_loss3: 4.9221]
23 Jun 15:52    INFO  epoch 83 evaluating [time: 2.53s, valid_score: 0.082200]
23 Jun 15:52    INFO  valid result:
recall@10 : 0.1117    recall@20 : 0.1596    recall@50 : 0.2449    ndcg@10 : 0.0822    ndcg@20 : 0.0969    ndcg@50 : 0.1194
23 Jun 15:52    INFO  Saving current: saved/NCL-Jun-23-2022_13-40-49.pth
23 Jun 15:52    INFO  Saving current best: saved/NCL-Jun-23-2022_13-40-49.pth
23 Jun 15:53    INFO  epoch 84 training [time: 93.33s, train_loss1: 22.5336, train_loss2: 2.6104, train_loss3: 4.9029]
23 Jun 15:53    INFO  epoch 84 evaluating [time: 2.62s, valid_score: 0.082200]
23 Jun 15:53    INFO  valid result:
recall@10 : 0.112    recall@20 : 0.1598    recall@50 : 0.2447    ndcg@10 : 0.0822    ndcg@20 : 0.0969    ndcg@50 : 0.1194
23 Jun 15:53    INFO  Saving current: saved/NCL-Jun-23-2022_13-40-49.pth
23 Jun 15:53    INFO  Saving current best: saved/NCL-Jun-23-2022_13-40-49.pth
23 Jun 15:55    INFO  epoch 85 training [time: 89.05s, train_loss1: 22.7380, train_loss2: 2.5990, train_loss3: 4.8831]
23 Jun 15:55    INFO  epoch 85 evaluating [time: 2.65s, valid_score: 0.082300]
23 Jun 15:55    INFO  valid result:
recall@10 : 0.1122    recall@20 : 0.1601    recall@50 : 0.245    ndcg@10 : 0.0823    ndcg@20 : 0.0969    ndcg@50 : 0.1194
23 Jun 15:55    INFO  Saving current: saved/NCL-Jun-23-2022_13-40-49.pth
23 Jun 15:55    INFO  Saving current best: saved/NCL-Jun-23-2022_13-40-49.pth
23 Jun 15:56    INFO  epoch 86 training [time: 90.98s, train_loss1: 22.4777, train_loss2: 2.5878, train_loss3: 4.8645]
23 Jun 15:56    INFO  epoch 86 evaluating [time: 2.74s, valid_score: 0.082300]
23 Jun 15:56    INFO  valid result:
recall@10 : 0.1122    recall@20 : 0.1598    recall@50 : 0.2448    ndcg@10 : 0.0823    ndcg@20 : 0.097    ndcg@50 : 0.1195
23 Jun 15:56    INFO  Saving current: saved/NCL-Jun-23-2022_13-40-49.pth
23 Jun 15:56    INFO  Saving current best: saved/NCL-Jun-23-2022_13-40-49.pth
23 Jun 15:58    INFO  epoch 87 training [time: 93.30s, train_loss1: 22.4042, train_loss2: 2.5788, train_loss3: 4.8496]
23 Jun 15:58    INFO  epoch 87 evaluating [time: 2.77s, valid_score: 0.082200]
23 Jun 15:58    INFO  valid result:
recall@10 : 0.1123    recall@20 : 0.1598    recall@50 : 0.2453    ndcg@10 : 0.0822    ndcg@20 : 0.0968    ndcg@50 : 0.1194
23 Jun 15:59    INFO  epoch 88 training [time: 90.37s, train_loss1: 22.2255, train_loss2: 2.5663, train_loss3: 4.8294]
23 Jun 15:59    INFO  epoch 88 evaluating [time: 2.53s, valid_score: 0.082300]
23 Jun 15:59    INFO  valid result:
recall@10 : 0.1126    recall@20 : 0.1603    recall@50 : 0.2448    ndcg@10 : 0.0823    ndcg@20 : 0.097    ndcg@50 : 0.1193
23 Jun 15:59    INFO  Saving current: saved/NCL-Jun-23-2022_13-40-49.pth
23 Jun 15:59    INFO  Saving current best: saved/NCL-Jun-23-2022_13-40-49.pth
23 Jun 16:01    INFO  epoch 89 training [time: 90.92s, train_loss1: 22.2517, train_loss2: 2.5545, train_loss3: 4.8099]
23 Jun 16:01    INFO  epoch 89 evaluating [time: 2.61s, valid_score: 0.082300]
23 Jun 16:01    INFO  valid result:
recall@10 : 0.1124    recall@20 : 0.1603    recall@50 : 0.2449    ndcg@10 : 0.0823    ndcg@20 : 0.097    ndcg@50 : 0.1194
23 Jun 16:01    INFO  Saving current: saved/NCL-Jun-23-2022_13-40-49.pth
23 Jun 16:01    INFO  Saving current best: saved/NCL-Jun-23-2022_13-40-49.pth
23 Jun 16:02    INFO  epoch 90 training [time: 88.82s, train_loss1: 22.2556, train_loss2: 2.5446, train_loss3: 4.7944]
23 Jun 16:02    INFO  epoch 90 evaluating [time: 2.61s, valid_score: 0.082300]
23 Jun 16:02    INFO  valid result:
recall@10 : 0.1126    recall@20 : 0.1603    recall@50 : 0.2451    ndcg@10 : 0.0823    ndcg@20 : 0.097    ndcg@50 : 0.1194
23 Jun 16:02    INFO  Saving current: saved/NCL-Jun-23-2022_13-40-49.pth
23 Jun 16:02    INFO  Saving current best: saved/NCL-Jun-23-2022_13-40-49.pth
23 Jun 16:04    INFO  epoch 91 training [time: 90.48s, train_loss1: 21.8765, train_loss2: 2.5368, train_loss3: 4.7811]
23 Jun 16:04    INFO  epoch 91 evaluating [time: 2.75s, valid_score: 0.082400]
23 Jun 16:04    INFO  valid result:
recall@10 : 0.1127    recall@20 : 0.1603    recall@50 : 0.2451    ndcg@10 : 0.0824    ndcg@20 : 0.097    ndcg@50 : 0.1194
23 Jun 16:04    INFO  Saving current: saved/NCL-Jun-23-2022_13-40-49.pth
23 Jun 16:04    INFO  Saving current best: saved/NCL-Jun-23-2022_13-40-49.pth
23 Jun 16:06    INFO  epoch 92 training [time: 89.81s, train_loss1: 21.8620, train_loss2: 2.5330, train_loss3: 4.7729]
23 Jun 16:06    INFO  epoch 92 evaluating [time: 2.64s, valid_score: 0.082400]
23 Jun 16:06    INFO  valid result:
recall@10 : 0.1126    recall@20 : 0.1599    recall@50 : 0.2453    ndcg@10 : 0.0824    ndcg@20 : 0.0969    ndcg@50 : 0.1195
23 Jun 16:06    INFO  Saving current: saved/NCL-Jun-23-2022_13-40-49.pth
23 Jun 16:06    INFO  Saving current best: saved/NCL-Jun-23-2022_13-40-49.pth
23 Jun 16:07    INFO  epoch 93 training [time: 91.24s, train_loss1: 21.8596, train_loss2: 2.5211, train_loss3: 4.7532]
23 Jun 16:07    INFO  epoch 93 evaluating [time: 2.83s, valid_score: 0.082500]
23 Jun 16:07    INFO  valid result:
recall@10 : 0.1125    recall@20 : 0.1602    recall@50 : 0.2456    ndcg@10 : 0.0825    ndcg@20 : 0.0971    ndcg@50 : 0.1197
23 Jun 16:07    INFO  Saving current: saved/NCL-Jun-23-2022_13-40-49.pth
23 Jun 16:07    INFO  Saving current best: saved/NCL-Jun-23-2022_13-40-49.pth
23 Jun 16:09    INFO  epoch 94 training [time: 90.19s, train_loss1: 21.6205, train_loss2: 2.5119, train_loss3: 4.7387]
23 Jun 16:09    INFO  epoch 94 evaluating [time: 2.70s, valid_score: 0.082300]
23 Jun 16:09    INFO  valid result:
recall@10 : 0.1124    recall@20 : 0.1603    recall@50 : 0.2457    ndcg@10 : 0.0823    ndcg@20 : 0.097    ndcg@50 : 0.1196
23 Jun 16:10    INFO  epoch 95 training [time: 88.15s, train_loss1: 21.6125, train_loss2: 2.4993, train_loss3: 4.7185]
23 Jun 16:10    INFO  epoch 95 evaluating [time: 2.59s, valid_score: 0.082600]
23 Jun 16:10    INFO  valid result:
recall@10 : 0.1125    recall@20 : 0.1602    recall@50 : 0.2456    ndcg@10 : 0.0826    ndcg@20 : 0.0972    ndcg@50 : 0.1198
23 Jun 16:10    INFO  Saving current: saved/NCL-Jun-23-2022_13-40-49.pth
23 Jun 16:10    INFO  Saving current best: saved/NCL-Jun-23-2022_13-40-49.pth
23 Jun 16:12    INFO  epoch 96 training [time: 87.68s, train_loss1: 21.4449, train_loss2: 2.4910, train_loss3: 4.7043]
23 Jun 16:12    INFO  epoch 96 evaluating [time: 2.56s, valid_score: 0.082400]
23 Jun 16:12    INFO  valid result:
recall@10 : 0.1124    recall@20 : 0.1605    recall@50 : 0.2458    ndcg@10 : 0.0824    ndcg@20 : 0.0971    ndcg@50 : 0.1197
23 Jun 16:13    INFO  epoch 97 training [time: 87.39s, train_loss1: 21.4427, train_loss2: 2.4803, train_loss3: 4.6867]
23 Jun 16:13    INFO  epoch 97 evaluating [time: 2.80s, valid_score: 0.082500]
23 Jun 16:13    INFO  valid result:
recall@10 : 0.1125    recall@20 : 0.1606    recall@50 : 0.2457    ndcg@10 : 0.0825    ndcg@20 : 0.0972    ndcg@50 : 0.1198
23 Jun 16:15    INFO  epoch 98 training [time: 87.21s, train_loss1: 21.3835, train_loss2: 2.4712, train_loss3: 4.6713]
23 Jun 16:15    INFO  epoch 98 evaluating [time: 2.78s, valid_score: 0.082700]
23 Jun 16:15    INFO  valid result:
recall@10 : 0.1127    recall@20 : 0.1604    recall@50 : 0.2453    ndcg@10 : 0.0827    ndcg@20 : 0.0973    ndcg@50 : 0.1198
23 Jun 16:15    INFO  Saving current: saved/NCL-Jun-23-2022_13-40-49.pth
23 Jun 16:15    INFO  Saving current best: saved/NCL-Jun-23-2022_13-40-49.pth
23 Jun 16:16    INFO  epoch 99 training [time: 87.18s, train_loss1: 21.2475, train_loss2: 2.4616, train_loss3: 4.6549]
23 Jun 16:16    INFO  epoch 99 evaluating [time: 2.54s, valid_score: 0.082600]
23 Jun 16:16    INFO  valid result:
recall@10 : 0.1124    recall@20 : 0.1605    recall@50 : 0.246    ndcg@10 : 0.0826    ndcg@20 : 0.0974    ndcg@50 : 0.12
23 Jun 16:18    INFO  epoch 100 training [time: 87.70s, train_loss1: 21.2771, train_loss2: 2.4526, train_loss3: 4.6400]
23 Jun 16:18    INFO  epoch 100 evaluating [time: 2.58s, valid_score: 0.082600]
23 Jun 16:18    INFO  valid result:
recall@10 : 0.1125    recall@20 : 0.1604    recall@50 : 0.2453    ndcg@10 : 0.0826    ndcg@20 : 0.0973    ndcg@50 : 0.1198
23 Jun 16:19    INFO  epoch 101 training [time: 88.04s, train_loss1: 21.2567, train_loss2: 2.4501, train_loss3: 4.6348]
23 Jun 16:19    INFO  epoch 101 evaluating [time: 2.69s, valid_score: 0.082700]
23 Jun 16:19    INFO  valid result:
recall@10 : 0.1126    recall@20 : 0.1606    recall@50 : 0.2454    ndcg@10 : 0.0827    ndcg@20 : 0.0974    ndcg@50 : 0.1198
23 Jun 16:19    INFO  Saving current: saved/NCL-Jun-23-2022_13-40-49.pth
23 Jun 16:19    INFO  Saving current best: saved/NCL-Jun-23-2022_13-40-49.pth
23 Jun 16:21    INFO  epoch 102 training [time: 87.85s, train_loss1: 21.1243, train_loss2: 2.4408, train_loss3: 4.6194]
23 Jun 16:21    INFO  epoch 102 evaluating [time: 2.63s, valid_score: 0.082800]
23 Jun 16:21    INFO  valid result:
recall@10 : 0.1129    recall@20 : 0.1603    recall@50 : 0.245    ndcg@10 : 0.0828    ndcg@20 : 0.0973    ndcg@50 : 0.1197
23 Jun 16:21    INFO  Saving current: saved/NCL-Jun-23-2022_13-40-49.pth
23 Jun 16:21    INFO  Saving current best: saved/NCL-Jun-23-2022_13-40-49.pth
23 Jun 16:22    INFO  epoch 103 training [time: 87.11s, train_loss1: 21.3048, train_loss2: 2.4338, train_loss3: 4.6084]
23 Jun 16:22    INFO  epoch 103 evaluating [time: 2.58s, valid_score: 0.082700]
23 Jun 16:22    INFO  valid result:
recall@10 : 0.1129    recall@20 : 0.1606    recall@50 : 0.2452    ndcg@10 : 0.0827    ndcg@20 : 0.0973    ndcg@50 : 0.1197
23 Jun 16:24    INFO  epoch 104 training [time: 86.99s, train_loss1: 20.9460, train_loss2: 2.4262, train_loss3: 4.5954]
23 Jun 16:24    INFO  epoch 104 evaluating [time: 2.62s, valid_score: 0.083000]
23 Jun 16:24    INFO  valid result:
recall@10 : 0.1133    recall@20 : 0.1607    recall@50 : 0.2453    ndcg@10 : 0.083    ndcg@20 : 0.0976    ndcg@50 : 0.1199
23 Jun 16:24    INFO  Saving current: saved/NCL-Jun-23-2022_13-40-49.pth
23 Jun 16:24    INFO  Saving current best: saved/NCL-Jun-23-2022_13-40-49.pth
23 Jun 16:25    INFO  epoch 105 training [time: 87.40s, train_loss1: 20.9434, train_loss2: 2.4154, train_loss3: 4.5787]
23 Jun 16:25    INFO  epoch 105 evaluating [time: 2.68s, valid_score: 0.083000]
23 Jun 16:25    INFO  valid result:
recall@10 : 0.113    recall@20 : 0.1607    recall@50 : 0.245    ndcg@10 : 0.083    ndcg@20 : 0.0976    ndcg@50 : 0.1199
23 Jun 16:25    INFO  Saving current: saved/NCL-Jun-23-2022_13-40-49.pth
23 Jun 16:25    INFO  Saving current best: saved/NCL-Jun-23-2022_13-40-49.pth
23 Jun 16:27    INFO  epoch 106 training [time: 87.54s, train_loss1: 20.7752, train_loss2: 2.4106, train_loss3: 4.5695]
23 Jun 16:27    INFO  epoch 106 evaluating [time: 2.56s, valid_score: 0.083000]
23 Jun 16:27    INFO  valid result:
recall@10 : 0.113    recall@20 : 0.1604    recall@50 : 0.245    ndcg@10 : 0.083    ndcg@20 : 0.0975    ndcg@50 : 0.1199
23 Jun 16:27    INFO  Saving current: saved/NCL-Jun-23-2022_13-40-49.pth
23 Jun 16:27    INFO  Saving current best: saved/NCL-Jun-23-2022_13-40-49.pth
23 Jun 16:28    INFO  epoch 107 training [time: 87.29s, train_loss1: 21.0637, train_loss2: 2.4034, train_loss3: 4.5572]
23 Jun 16:28    INFO  epoch 107 evaluating [time: 2.77s, valid_score: 0.083000]
23 Jun 16:28    INFO  valid result:
recall@10 : 0.1132    recall@20 : 0.1606    recall@50 : 0.2452    ndcg@10 : 0.083    ndcg@20 : 0.0975    ndcg@50 : 0.1199
23 Jun 16:28    INFO  Saving current: saved/NCL-Jun-23-2022_13-40-49.pth
23 Jun 16:28    INFO  Saving current best: saved/NCL-Jun-23-2022_13-40-49.pth
23 Jun 16:30    INFO  epoch 108 training [time: 87.80s, train_loss1: 20.8548, train_loss2: 2.3969, train_loss3: 4.5461]
23 Jun 16:30    INFO  epoch 108 evaluating [time: 2.60s, valid_score: 0.083100]
23 Jun 16:30    INFO  valid result:
recall@10 : 0.1132    recall@20 : 0.1608    recall@50 : 0.2449    ndcg@10 : 0.0831    ndcg@20 : 0.0976    ndcg@50 : 0.1199
23 Jun 16:30    INFO  Saving current: saved/NCL-Jun-23-2022_13-40-49.pth
23 Jun 16:30    INFO  Saving current best: saved/NCL-Jun-23-2022_13-40-49.pth
23 Jun 16:31    INFO  epoch 109 training [time: 87.61s, train_loss1: 20.8487, train_loss2: 2.3955, train_loss3: 4.5429]
23 Jun 16:31    INFO  epoch 109 evaluating [time: 2.64s, valid_score: 0.083100]
23 Jun 16:31    INFO  valid result:
recall@10 : 0.1132    recall@20 : 0.1609    recall@50 : 0.2453    ndcg@10 : 0.0831    ndcg@20 : 0.0976    ndcg@50 : 0.12
23 Jun 16:31    INFO  Saving current: saved/NCL-Jun-23-2022_13-40-49.pth
23 Jun 16:31    INFO  Saving current best: saved/NCL-Jun-23-2022_13-40-49.pth
23 Jun 16:33    INFO  epoch 110 training [time: 87.79s, train_loss1: 20.6985, train_loss2: 2.3846, train_loss3: 4.5250]
23 Jun 16:33    INFO  epoch 110 evaluating [time: 2.55s, valid_score: 0.083200]
23 Jun 16:33    INFO  valid result:
recall@10 : 0.1132    recall@20 : 0.1607    recall@50 : 0.2453    ndcg@10 : 0.0832    ndcg@20 : 0.0977    ndcg@50 : 0.1201
23 Jun 16:33    INFO  Saving current: saved/NCL-Jun-23-2022_13-40-49.pth
23 Jun 16:33    INFO  Saving current best: saved/NCL-Jun-23-2022_13-40-49.pth
23 Jun 16:34    INFO  epoch 111 training [time: 88.20s, train_loss1: 20.6617, train_loss2: 2.3804, train_loss3: 4.5177]
23 Jun 16:34    INFO  epoch 111 evaluating [time: 2.74s, valid_score: 0.083300]
23 Jun 16:34    INFO  valid result:
recall@10 : 0.1138    recall@20 : 0.1605    recall@50 : 0.2452    ndcg@10 : 0.0833    ndcg@20 : 0.0975    ndcg@50 : 0.12
23 Jun 16:34    INFO  Saving current: saved/NCL-Jun-23-2022_13-40-49.pth
23 Jun 16:34    INFO  Saving current best: saved/NCL-Jun-23-2022_13-40-49.pth
23 Jun 16:36    INFO  epoch 112 training [time: 87.26s, train_loss1: 20.6861, train_loss2: 2.3704, train_loss3: 4.5020]
23 Jun 16:36    INFO  epoch 112 evaluating [time: 2.57s, valid_score: 0.083400]
23 Jun 16:36    INFO  valid result:
recall@10 : 0.1137    recall@20 : 0.1605    recall@50 : 0.2454    ndcg@10 : 0.0834    ndcg@20 : 0.0976    ndcg@50 : 0.1201
23 Jun 16:36    INFO  Saving current: saved/NCL-Jun-23-2022_13-40-49.pth
23 Jun 16:36    INFO  Saving current best: saved/NCL-Jun-23-2022_13-40-49.pth
23 Jun 16:37    INFO  epoch 113 training [time: 87.34s, train_loss1: 20.6338, train_loss2: 2.3626, train_loss3: 4.4890]
23 Jun 16:37    INFO  epoch 113 evaluating [time: 2.56s, valid_score: 0.083400]
23 Jun 16:37    INFO  valid result:
recall@10 : 0.1137    recall@20 : 0.1605    recall@50 : 0.2453    ndcg@10 : 0.0834    ndcg@20 : 0.0977    ndcg@50 : 0.1202
23 Jun 16:37    INFO  Saving current: saved/NCL-Jun-23-2022_13-40-49.pth
23 Jun 16:37    INFO  Saving current best: saved/NCL-Jun-23-2022_13-40-49.pth
23 Jun 16:39    INFO  epoch 114 training [time: 87.11s, train_loss1: 20.5089, train_loss2: 2.3587, train_loss3: 4.4818]
23 Jun 16:39    INFO  epoch 114 evaluating [time: 2.75s, valid_score: 0.083200]
23 Jun 16:39    INFO  valid result:
recall@10 : 0.1133    recall@20 : 0.1607    recall@50 : 0.245    ndcg@10 : 0.0832    ndcg@20 : 0.0977    ndcg@50 : 0.12
23 Jun 16:40    INFO  epoch 115 training [time: 87.61s, train_loss1: 20.5720, train_loss2: 2.3575, train_loss3: 4.4784]
23 Jun 16:40    INFO  epoch 115 evaluating [time: 2.81s, valid_score: 0.083200]
23 Jun 16:40    INFO  valid result:
recall@10 : 0.1132    recall@20 : 0.1606    recall@50 : 0.2449    ndcg@10 : 0.0832    ndcg@20 : 0.0976    ndcg@50 : 0.1199
23 Jun 16:42    INFO  epoch 116 training [time: 82.67s, train_loss1: 20.4238, train_loss2: 2.3481, train_loss3: 4.4633]
23 Jun 16:42    INFO  epoch 116 evaluating [time: 2.55s, valid_score: 0.083200]
23 Jun 16:42    INFO  valid result:
recall@10 : 0.1134    recall@20 : 0.1608    recall@50 : 0.2445    ndcg@10 : 0.0832    ndcg@20 : 0.0976    ndcg@50 : 0.1199
23 Jun 16:43    INFO  epoch 117 training [time: 82.67s, train_loss1: 20.3418, train_loss2: 2.3398, train_loss3: 4.4492]
23 Jun 16:43    INFO  epoch 117 evaluating [time: 2.73s, valid_score: 0.083200]
23 Jun 16:43    INFO  valid result:
recall@10 : 0.1136    recall@20 : 0.1605    recall@50 : 0.2444    ndcg@10 : 0.0832    ndcg@20 : 0.0975    ndcg@50 : 0.1198
23 Jun 16:45    INFO  epoch 118 training [time: 88.52s, train_loss1: 20.2043, train_loss2: 2.3368, train_loss3: 4.4444]
23 Jun 16:45    INFO  epoch 118 evaluating [time: 2.63s, valid_score: 0.083200]
23 Jun 16:45    INFO  valid result:
recall@10 : 0.1134    recall@20 : 0.1608    recall@50 : 0.2445    ndcg@10 : 0.0832    ndcg@20 : 0.0976    ndcg@50 : 0.1199
23 Jun 16:46    INFO  epoch 119 training [time: 87.24s, train_loss1: 20.3167, train_loss2: 2.3293, train_loss3: 4.4323]
23 Jun 16:46    INFO  epoch 119 evaluating [time: 2.67s, valid_score: 0.083100]
23 Jun 16:46    INFO  valid result:
recall@10 : 0.1132    recall@20 : 0.1605    recall@50 : 0.2446    ndcg@10 : 0.0831    ndcg@20 : 0.0976    ndcg@50 : 0.1199
23 Jun 16:48    INFO  epoch 120 training [time: 87.95s, train_loss1: 20.2478, train_loss2: 2.3244, train_loss3: 4.4233]
23 Jun 16:48    INFO  epoch 120 evaluating [time: 2.69s, valid_score: 0.083300]
23 Jun 16:48    INFO  valid result:
recall@10 : 0.1135    recall@20 : 0.1605    recall@50 : 0.2444    ndcg@10 : 0.0833    ndcg@20 : 0.0976    ndcg@50 : 0.1199
23 Jun 16:49    INFO  epoch 121 training [time: 87.76s, train_loss1: 20.1063, train_loss2: 2.3187, train_loss3: 4.4136]
23 Jun 16:49    INFO  epoch 121 evaluating [time: 2.59s, valid_score: 0.083000]
23 Jun 16:49    INFO  valid result:
recall@10 : 0.1133    recall@20 : 0.1601    recall@50 : 0.2444    ndcg@10 : 0.083    ndcg@20 : 0.0974    ndcg@50 : 0.1198
23 Jun 16:51    INFO  epoch 122 training [time: 82.61s, train_loss1: 20.1793, train_loss2: 2.3149, train_loss3: 4.4078]
23 Jun 16:51    INFO  epoch 122 evaluating [time: 2.53s, valid_score: 0.083000]
23 Jun 16:51    INFO  valid result:
recall@10 : 0.1132    recall@20 : 0.1602    recall@50 : 0.2443    ndcg@10 : 0.083    ndcg@20 : 0.0974    ndcg@50 : 0.1197
23 Jun 16:52    INFO  epoch 123 training [time: 84.59s, train_loss1: 20.0246, train_loss2: 2.3088, train_loss3: 4.3974]
23 Jun 16:52    INFO  epoch 123 evaluating [time: 2.55s, valid_score: 0.083000]
23 Jun 16:52    INFO  valid result:
recall@10 : 0.1134    recall@20 : 0.1603    recall@50 : 0.2443    ndcg@10 : 0.083    ndcg@20 : 0.0974    ndcg@50 : 0.1196
23 Jun 16:53    INFO  epoch 124 training [time: 86.81s, train_loss1: 20.0260, train_loss2: 2.3059, train_loss3: 4.3919]
23 Jun 16:54    INFO  epoch 124 evaluating [time: 2.59s, valid_score: 0.083000]
23 Jun 16:54    INFO  valid result:
recall@10 : 0.1136    recall@20 : 0.1604    recall@50 : 0.2442    ndcg@10 : 0.083    ndcg@20 : 0.0974    ndcg@50 : 0.1196
23 Jun 16:54    INFO  Finished training, best eval result in epoch 113
23 Jun 16:54    INFO  Loading model structure and parameters from saved/NCL-Jun-23-2022_13-40-49.pth
23 Jun 16:54    INFO  best valid : OrderedDict([('recall@10', 0.1137), ('recall@20', 0.1605), ('recall@50', 0.2453), ('ndcg@10', 0.0834), ('ndcg@20', 0.0977), ('ndcg@50', 0.1202)])
23 Jun 16:54    INFO  test result: OrderedDict([('recall@10', 0.1152), ('recall@20', 0.162), ('recall@50', 0.2456), ('ndcg@10', 0.0869), ('ndcg@20', 0.1012), ('ndcg@50', 0.1234)])
