nohup: ignoring input
main.py:64: SyntaxWarning: "is not" with a literal. Did you mean "!="?
  if args.config is not '':
command line args [--dataset ml-1m] will not be used in RecBole
22 Jun 12:13    INFO  
General Hyper Parameters:
gpu_id = 1
use_gpu = True
seed = 2020
state = INFO
reproducibility = True
data_path = dataset/ml-1m
checkpoint_dir = saved
show_progress = False
save_dataset = True
dataset_save_path = None
save_dataloaders = False
dataloaders_save_path = None
log_wandb = False

Training Hyper Parameters:
epochs = 300
train_batch_size = 2048
learner = adam
learning_rate = 0.001
neg_sampling = {'uniform': 1}
eval_step = 1
stopping_step = 10
clip_grad_norm = None
weight_decay = 0.0
loss_decimal_place = 4

Evaluation Hyper Parameters:
eval_args = {'split': {'RS': [0.8, 0.1, 0.1]}, 'group_by': 'user', 'order': 'RO', 'mode': 'full'}
repeatable = False
metrics = ['Recall', 'NDCG']
topk = [10, 20, 50]
valid_metric = Recall@20
valid_metric_bigger = True
eval_batch_size = 4096000
metric_decimal_place = 4

Dataset Hyper Parameters:
field_separator = 	
seq_separator =  
USER_ID_FIELD = user_id
ITEM_ID_FIELD = item_id
RATING_FIELD = rating
TIME_FIELD = timestamp
seq_len = None
LABEL_FIELD = label
threshold = None
NEG_PREFIX = neg_
load_col = {'inter': ['user_id', 'item_id', 'rating']}
unload_col = None
unused_col = None
additional_feat_suffix = None
rm_dup_inter = None
val_interval = {'rating': '[3,inf)'}
filter_inter_by_user_or_item = True
user_inter_num_interval = [0,inf)
item_inter_num_interval = [0,inf)
alias_of_user_id = None
alias_of_item_id = None
alias_of_entity_id = None
alias_of_relation_id = None
preload_weight = None
normalize_field = None
normalize_all = None
ITEM_LIST_LENGTH_FIELD = item_length
LIST_SUFFIX = _list
MAX_ITEM_LIST_LENGTH = 50
POSITION_FIELD = position_id
HEAD_ENTITY_ID_FIELD = head_id
TAIL_ENTITY_ID_FIELD = tail_id
RELATION_ID_FIELD = relation_id
ENTITY_ID_FIELD = entity_id
benchmark_filename = None

Other Hyper Parameters: 
wandb_project = recbole
require_pow = False
MODEL_TYPE = ModelType.GENERAL
eval_setting = {'split': {'RS': [0.8, 0.1, 0.1]}, 'order': 'RO', 'group_by': 'user', 'mode': 'full'}
embedding_size = 64
n_layers = 3
reg_weight = 0.0001
hyper_layer = 2
alpha = 0.2
gamma = 1.05
TopK = 10
user_threshold = 0.8
item_threshold = 0.8
ssl_reg = 1e-07
ssl_temp = 0.1
info_reg = 1e-06
MODEL_INPUT_TYPE = InputType.PAIRWISE
eval_type = EvaluatorType.RANKING
device = cuda
train_neg_sample_args = {'strategy': 'by', 'by': 1, 'distribution': 'uniform', 'dynamic': 'none'}
eval_neg_sample_args = {'strategy': 'full', 'distribution': 'uniform'}


22 Jun 12:13    INFO  Saving filtered dataset into [saved/ml-1m-dataset.pth]
22 Jun 12:13    INFO  ml-1m
The number of users: 6040
Average actions of users: 138.51266766020865
The number of items: 3629
Average actions of items: 230.56174200661522
The number of inters: 836478
The sparsity of the dataset: 96.18380448885814%
Remain Fields: ['user_id', 'item_id', 'rating']
22 Jun 12:13    INFO  [Training]: train_batch_size = [2048] negative sampling: [{'uniform': 1}]
22 Jun 12:13    INFO  [Evaluation]: eval_batch_size = [4096000] eval_args: [{'split': {'RS': [0.8, 0.1, 0.1]}, 'group_by': 'user', 'order': 'RO', 'mode': 'full'}]
/workspace/anaconda/NCL/NCL-master/ncl.py:237: UserWarning: Creating a tensor from a list of numpy.ndarrays is extremely slow. Please consider converting the list to a single numpy.ndarray with numpy.array() before converting to a tensor. (Triggered internally at  /opt/conda/conda-bld/pytorch_1646755853042/work/torch/csrc/utils/tensor_new.cpp:210.)
  i = torch.LongTensor([row, col])
already load topK matrix (9669, 9669) 0.009933233261108398
22 Jun 12:13    INFO  NCL(
  (user_embedding): Embedding(6040, 64)
  (item_embedding): Embedding(3629, 64)
  (mf_loss): BPRLoss()
  (reg_loss): EmbLoss()
)
Trainable parameters: 618816
22 Jun 12:14    INFO  epoch 0 training [time: 26.91s, train_loss1: 228.6396, train_loss2: 0.0929, train_loss3: 0.8977]
22 Jun 12:14    INFO  epoch 0 evaluating [time: 0.23s, valid_score: 0.051500]
22 Jun 12:14    INFO  valid result: 
recall@10 : 0.033    recall@20 : 0.0515    recall@50 : 0.09    ndcg@10 : 0.0331    ndcg@20 : 0.039    ndcg@50 : 0.052
22 Jun 12:14    INFO  Saving current: saved/NCL-Jun-22-2022_12-13-41.pth
22 Jun 12:14    INFO  Saving current best: saved/NCL-Jun-22-2022_12-13-41.pth
22 Jun 12:14    INFO  epoch 1 training [time: 25.74s, train_loss1: 228.5120, train_loss2: 0.0439, train_loss3: 0.3893]
22 Jun 12:14    INFO  epoch 1 evaluating [time: 0.20s, valid_score: 0.087000]
22 Jun 12:14    INFO  valid result: 
recall@10 : 0.0596    recall@20 : 0.087    recall@50 : 0.1389    ndcg@10 : 0.0613    ndcg@20 : 0.069    ndcg@50 : 0.0861
22 Jun 12:14    INFO  Saving current: saved/NCL-Jun-22-2022_12-13-41.pth
22 Jun 12:14    INFO  Saving current best: saved/NCL-Jun-22-2022_12-13-41.pth
22 Jun 12:14    INFO  epoch 2 training [time: 25.69s, train_loss1: 218.5361, train_loss2: 0.1164, train_loss3: 1.3473]
22 Jun 12:15    INFO  epoch 2 evaluating [time: 0.25s, valid_score: 0.127500]
22 Jun 12:15    INFO  valid result: 
recall@10 : 0.0771    recall@20 : 0.1275    recall@50 : 0.2241    ndcg@10 : 0.1045    ndcg@20 : 0.1135    ndcg@50 : 0.1421
22 Jun 12:15    INFO  Saving current: saved/NCL-Jun-22-2022_12-13-41.pth
22 Jun 12:15    INFO  Saving current best: saved/NCL-Jun-22-2022_12-13-41.pth
22 Jun 12:15    INFO  epoch 3 training [time: 25.49s, train_loss1: 94.7395, train_loss2: 0.4722, train_loss3: 6.2448]
22 Jun 12:15    INFO  epoch 3 evaluating [time: 0.21s, valid_score: 0.179400]
22 Jun 12:15    INFO  valid result: 
recall@10 : 0.1149    recall@20 : 0.1794    recall@50 : 0.3086    ndcg@10 : 0.1515    ndcg@20 : 0.1629    ndcg@50 : 0.2022
22 Jun 12:15    INFO  Saving current: saved/NCL-Jun-22-2022_12-13-41.pth
22 Jun 12:15    INFO  Saving current best: saved/NCL-Jun-22-2022_12-13-41.pth
22 Jun 12:15    INFO  epoch 4 training [time: 25.84s, train_loss1: 78.4366, train_loss2: 0.3901, train_loss3: 5.2643]
22 Jun 12:15    INFO  epoch 4 evaluating [time: 0.19s, valid_score: 0.199500]
22 Jun 12:15    INFO  valid result: 
recall@10 : 0.1282    recall@20 : 0.1995    recall@50 : 0.3365    ndcg@10 : 0.1663    ndcg@20 : 0.1793    ndcg@50 : 0.2208
22 Jun 12:15    INFO  Saving current: saved/NCL-Jun-22-2022_12-13-41.pth
22 Jun 12:15    INFO  Saving current best: saved/NCL-Jun-22-2022_12-13-41.pth
22 Jun 12:16    INFO  epoch 5 training [time: 26.31s, train_loss1: 72.5353, train_loss2: 0.3599, train_loss3: 4.8836]
22 Jun 12:16    INFO  epoch 5 evaluating [time: 0.22s, valid_score: 0.213800]
22 Jun 12:16    INFO  valid result: 
recall@10 : 0.1396    recall@20 : 0.2138    recall@50 : 0.3536    ndcg@10 : 0.1776    ndcg@20 : 0.1912    ndcg@50 : 0.2337
22 Jun 12:16    INFO  Saving current: saved/NCL-Jun-22-2022_12-13-41.pth
22 Jun 12:16    INFO  Saving current best: saved/NCL-Jun-22-2022_12-13-41.pth
22 Jun 12:16    INFO  epoch 6 training [time: 26.44s, train_loss1: 69.4298, train_loss2: 0.3416, train_loss3: 4.6491]
22 Jun 12:16    INFO  epoch 6 evaluating [time: 0.22s, valid_score: 0.224400]
22 Jun 12:16    INFO  valid result: 
recall@10 : 0.1461    recall@20 : 0.2244    recall@50 : 0.3655    ndcg@10 : 0.1848    ndcg@20 : 0.1996    ndcg@50 : 0.2426
22 Jun 12:16    INFO  Saving current: saved/NCL-Jun-22-2022_12-13-41.pth
22 Jun 12:16    INFO  Saving current best: saved/NCL-Jun-22-2022_12-13-41.pth
22 Jun 12:17    INFO  epoch 7 training [time: 26.40s, train_loss1: 66.4666, train_loss2: 0.3288, train_loss3: 4.4836]
22 Jun 12:17    INFO  epoch 7 evaluating [time: 0.20s, valid_score: 0.230600]
22 Jun 12:17    INFO  valid result: 
recall@10 : 0.1514    recall@20 : 0.2306    recall@50 : 0.3742    ndcg@10 : 0.1888    ndcg@20 : 0.2043    ndcg@50 : 0.2481
22 Jun 12:17    INFO  Saving current: saved/NCL-Jun-22-2022_12-13-41.pth
22 Jun 12:17    INFO  Saving current best: saved/NCL-Jun-22-2022_12-13-41.pth
22 Jun 12:17    INFO  epoch 8 training [time: 26.83s, train_loss1: 65.1749, train_loss2: 0.3189, train_loss3: 4.3541]
22 Jun 12:17    INFO  epoch 8 evaluating [time: 0.30s, valid_score: 0.234100]
22 Jun 12:17    INFO  valid result: 
recall@10 : 0.1541    recall@20 : 0.2341    recall@50 : 0.3805    ndcg@10 : 0.1919    ndcg@20 : 0.2075    ndcg@50 : 0.2524
22 Jun 12:17    INFO  Saving current: saved/NCL-Jun-22-2022_12-13-41.pth
22 Jun 12:17    INFO  Saving current best: saved/NCL-Jun-22-2022_12-13-41.pth
22 Jun 12:18    INFO  epoch 9 training [time: 26.49s, train_loss1: 63.9386, train_loss2: 0.3107, train_loss3: 4.2471]
22 Jun 12:18    INFO  epoch 9 evaluating [time: 0.21s, valid_score: 0.237900]
22 Jun 12:18    INFO  valid result: 
recall@10 : 0.157    recall@20 : 0.2379    recall@50 : 0.3858    ndcg@10 : 0.1946    ndcg@20 : 0.2103    ndcg@50 : 0.2558
22 Jun 12:18    INFO  Saving current: saved/NCL-Jun-22-2022_12-13-41.pth
22 Jun 12:18    INFO  Saving current best: saved/NCL-Jun-22-2022_12-13-41.pth
22 Jun 12:18    INFO  epoch 10 training [time: 26.63s, train_loss1: 62.4922, train_loss2: 0.3039, train_loss3: 4.1573]
22 Jun 12:18    INFO  epoch 10 evaluating [time: 0.20s, valid_score: 0.240100]
22 Jun 12:18    INFO  valid result: 
recall@10 : 0.1579    recall@20 : 0.2401    recall@50 : 0.3898    ndcg@10 : 0.1957    ndcg@20 : 0.2118    ndcg@50 : 0.2579
22 Jun 12:18    INFO  Saving current: saved/NCL-Jun-22-2022_12-13-41.pth
22 Jun 12:18    INFO  Saving current best: saved/NCL-Jun-22-2022_12-13-41.pth
22 Jun 12:18    INFO  epoch 11 training [time: 26.32s, train_loss1: 61.5052, train_loss2: 0.2978, train_loss3: 4.0763]
22 Jun 12:18    INFO  epoch 11 evaluating [time: 0.21s, valid_score: 0.242400]
22 Jun 12:18    INFO  valid result: 
recall@10 : 0.1592    recall@20 : 0.2424    recall@50 : 0.3953    ndcg@10 : 0.1963    ndcg@20 : 0.2128    ndcg@50 : 0.26
22 Jun 12:18    INFO  Saving current: saved/NCL-Jun-22-2022_12-13-41.pth
22 Jun 12:18    INFO  Saving current best: saved/NCL-Jun-22-2022_12-13-41.pth
22 Jun 12:19    INFO  epoch 12 training [time: 26.63s, train_loss1: 60.6856, train_loss2: 0.2930, train_loss3: 4.0100]
22 Jun 12:19    INFO  epoch 12 evaluating [time: 0.19s, valid_score: 0.245000]
22 Jun 12:19    INFO  valid result: 
recall@10 : 0.1615    recall@20 : 0.245    recall@50 : 0.3982    ndcg@10 : 0.1987    ndcg@20 : 0.215    ndcg@50 : 0.2622
22 Jun 12:19    INFO  Saving current: saved/NCL-Jun-22-2022_12-13-41.pth
22 Jun 12:19    INFO  Saving current best: saved/NCL-Jun-22-2022_12-13-41.pth
22 Jun 12:19    INFO  epoch 13 training [time: 26.77s, train_loss1: 59.6809, train_loss2: 0.2882, train_loss3: 3.9461]
22 Jun 12:19    INFO  epoch 13 evaluating [time: 0.22s, valid_score: 0.245500]
22 Jun 12:19    INFO  valid result: 
recall@10 : 0.1632    recall@20 : 0.2455    recall@50 : 0.4006    ndcg@10 : 0.2007    ndcg@20 : 0.2166    ndcg@50 : 0.2643
22 Jun 12:19    INFO  Saving current: saved/NCL-Jun-22-2022_12-13-41.pth
22 Jun 12:19    INFO  Saving current best: saved/NCL-Jun-22-2022_12-13-41.pth
22 Jun 12:20    INFO  epoch 14 training [time: 26.39s, train_loss1: 59.1068, train_loss2: 0.2842, train_loss3: 3.8913]
22 Jun 12:20    INFO  epoch 14 evaluating [time: 0.19s, valid_score: 0.246300]
22 Jun 12:20    INFO  valid result: 
recall@10 : 0.164    recall@20 : 0.2463    recall@50 : 0.4035    ndcg@10 : 0.2016    ndcg@20 : 0.2172    ndcg@50 : 0.2657
22 Jun 12:20    INFO  Saving current: saved/NCL-Jun-22-2022_12-13-41.pth
22 Jun 12:20    INFO  Saving current best: saved/NCL-Jun-22-2022_12-13-41.pth
22 Jun 12:20    INFO  epoch 15 training [time: 26.52s, train_loss1: 58.0519, train_loss2: 0.2807, train_loss3: 3.8441]
22 Jun 12:20    INFO  epoch 15 evaluating [time: 0.20s, valid_score: 0.246600]
22 Jun 12:20    INFO  valid result: 
recall@10 : 0.1644    recall@20 : 0.2466    recall@50 : 0.4067    ndcg@10 : 0.202    ndcg@20 : 0.2176    ndcg@50 : 0.267
22 Jun 12:20    INFO  Saving current: saved/NCL-Jun-22-2022_12-13-41.pth
22 Jun 12:20    INFO  Saving current best: saved/NCL-Jun-22-2022_12-13-41.pth
22 Jun 12:21    INFO  epoch 16 training [time: 26.54s, train_loss1: 57.5549, train_loss2: 0.2771, train_loss3: 3.7939]
22 Jun 12:21    INFO  epoch 16 evaluating [time: 0.21s, valid_score: 0.247800]
22 Jun 12:21    INFO  valid result: 
recall@10 : 0.1649    recall@20 : 0.2478    recall@50 : 0.4082    ndcg@10 : 0.202    ndcg@20 : 0.218    ndcg@50 : 0.2676
22 Jun 12:21    INFO  Saving current: saved/NCL-Jun-22-2022_12-13-41.pth
22 Jun 12:21    INFO  Saving current best: saved/NCL-Jun-22-2022_12-13-41.pth
22 Jun 12:21    INFO  epoch 17 training [time: 26.29s, train_loss1: 56.7328, train_loss2: 0.2742, train_loss3: 3.7540]
22 Jun 12:21    INFO  epoch 17 evaluating [time: 0.21s, valid_score: 0.249400]
22 Jun 12:21    INFO  valid result: 
recall@10 : 0.1654    recall@20 : 0.2494    recall@50 : 0.4101    ndcg@10 : 0.2029    ndcg@20 : 0.2192    ndcg@50 : 0.2692
22 Jun 12:21    INFO  Saving current: saved/NCL-Jun-22-2022_12-13-41.pth
22 Jun 12:21    INFO  Saving current best: saved/NCL-Jun-22-2022_12-13-41.pth
22 Jun 12:22    INFO  epoch 18 training [time: 26.67s, train_loss1: 56.6753, train_loss2: 0.2711, train_loss3: 3.7105]
22 Jun 12:22    INFO  epoch 18 evaluating [time: 0.21s, valid_score: 0.251200]
22 Jun 12:22    INFO  valid result: 
recall@10 : 0.1669    recall@20 : 0.2512    recall@50 : 0.4107    ndcg@10 : 0.204    ndcg@20 : 0.2204    ndcg@50 : 0.2701
22 Jun 12:22    INFO  Saving current: saved/NCL-Jun-22-2022_12-13-41.pth
22 Jun 12:22    INFO  Saving current best: saved/NCL-Jun-22-2022_12-13-41.pth
22 Jun 12:22    INFO  epoch 19 training [time: 26.19s, train_loss1: 55.6332, train_loss2: 0.2688, train_loss3: 3.6781]
22 Jun 12:22    INFO  epoch 19 evaluating [time: 0.20s, valid_score: 0.252100]
22 Jun 12:22    INFO  valid result: 
recall@10 : 0.1671    recall@20 : 0.2521    recall@50 : 0.4112    ndcg@10 : 0.2038    ndcg@20 : 0.2209    ndcg@50 : 0.2705
22 Jun 12:22    INFO  Saving current: saved/NCL-Jun-22-2022_12-13-41.pth
22 Jun 12:22    INFO  Saving current best: saved/NCL-Jun-22-2022_12-13-41.pth
22 Jun 12:22    INFO  epoch 20 training [time: 26.65s, train_loss1: 55.2711, train_loss2: 0.2662, train_loss3: 3.6397]
22 Jun 12:23    INFO  epoch 20 evaluating [time: 0.60s, valid_score: 0.252200]
22 Jun 12:23    INFO  valid result: 
recall@10 : 0.1671    recall@20 : 0.2522    recall@50 : 0.4138    ndcg@10 : 0.2046    ndcg@20 : 0.2214    ndcg@50 : 0.2719
22 Jun 12:23    INFO  Saving current: saved/NCL-Jun-22-2022_12-13-41.pth
22 Jun 12:23    INFO  Saving current best: saved/NCL-Jun-22-2022_12-13-41.pth
22 Jun 12:23    INFO  epoch 21 training [time: 26.42s, train_loss1: 54.8631, train_loss2: 0.2634, train_loss3: 3.5984]
22 Jun 12:23    INFO  epoch 21 evaluating [time: 0.21s, valid_score: 0.253600]
22 Jun 12:23    INFO  valid result: 
recall@10 : 0.167    recall@20 : 0.2536    recall@50 : 0.4155    ndcg@10 : 0.2048    ndcg@20 : 0.2221    ndcg@50 : 0.2727
22 Jun 12:23    INFO  Saving current: saved/NCL-Jun-22-2022_12-13-41.pth
22 Jun 12:23    INFO  Saving current best: saved/NCL-Jun-22-2022_12-13-41.pth
22 Jun 12:23    INFO  epoch 22 training [time: 26.49s, train_loss1: 54.4803, train_loss2: 0.2613, train_loss3: 3.5695]
22 Jun 12:23    INFO  epoch 22 evaluating [time: 0.20s, valid_score: 0.254200]
22 Jun 12:23    INFO  valid result: 
recall@10 : 0.1676    recall@20 : 0.2542    recall@50 : 0.4168    ndcg@10 : 0.2059    ndcg@20 : 0.2233    ndcg@50 : 0.274
22 Jun 12:23    INFO  Saving current: saved/NCL-Jun-22-2022_12-13-41.pth
22 Jun 12:23    INFO  Saving current best: saved/NCL-Jun-22-2022_12-13-41.pth
22 Jun 12:24    INFO  epoch 23 training [time: 26.63s, train_loss1: 53.8479, train_loss2: 0.2589, train_loss3: 3.5357]
22 Jun 12:24    INFO  epoch 23 evaluating [time: 0.22s, valid_score: 0.255600]
22 Jun 12:24    INFO  valid result: 
recall@10 : 0.1682    recall@20 : 0.2556    recall@50 : 0.4173    ndcg@10 : 0.2062    ndcg@20 : 0.224    ndcg@50 : 0.2745
22 Jun 12:24    INFO  Saving current: saved/NCL-Jun-22-2022_12-13-41.pth
22 Jun 12:24    INFO  Saving current best: saved/NCL-Jun-22-2022_12-13-41.pth
22 Jun 12:24    INFO  epoch 24 training [time: 26.20s, train_loss1: 53.4873, train_loss2: 0.2566, train_loss3: 3.5031]
22 Jun 12:24    INFO  epoch 24 evaluating [time: 0.21s, valid_score: 0.256500]
22 Jun 12:24    INFO  valid result: 
recall@10 : 0.1683    recall@20 : 0.2565    recall@50 : 0.4192    ndcg@10 : 0.2069    ndcg@20 : 0.2251    ndcg@50 : 0.2758
22 Jun 12:24    INFO  Saving current: saved/NCL-Jun-22-2022_12-13-41.pth
22 Jun 12:24    INFO  Saving current best: saved/NCL-Jun-22-2022_12-13-41.pth
22 Jun 12:25    INFO  epoch 25 training [time: 26.35s, train_loss1: 53.2430, train_loss2: 0.2549, train_loss3: 3.4774]
22 Jun 12:25    INFO  epoch 25 evaluating [time: 0.26s, valid_score: 0.257300]
22 Jun 12:25    INFO  valid result: 
recall@10 : 0.1681    recall@20 : 0.2573    recall@50 : 0.42    ndcg@10 : 0.2072    ndcg@20 : 0.2254    ndcg@50 : 0.2762
22 Jun 12:25    INFO  Saving current: saved/NCL-Jun-22-2022_12-13-41.pth
22 Jun 12:25    INFO  Saving current best: saved/NCL-Jun-22-2022_12-13-41.pth
22 Jun 12:25    INFO  epoch 26 training [time: 26.49s, train_loss1: 52.8959, train_loss2: 0.2532, train_loss3: 3.4517]
22 Jun 12:25    INFO  epoch 26 evaluating [time: 0.26s, valid_score: 0.258200]
22 Jun 12:25    INFO  valid result: 
recall@10 : 0.1689    recall@20 : 0.2582    recall@50 : 0.4205    ndcg@10 : 0.2077    ndcg@20 : 0.226    ndcg@50 : 0.2766
22 Jun 12:25    INFO  Saving current: saved/NCL-Jun-22-2022_12-13-41.pth
22 Jun 12:25    INFO  Saving current best: saved/NCL-Jun-22-2022_12-13-41.pth
22 Jun 12:26    INFO  epoch 27 training [time: 26.36s, train_loss1: 52.3005, train_loss2: 0.2511, train_loss3: 3.4209]
22 Jun 12:26    INFO  epoch 27 evaluating [time: 0.19s, valid_score: 0.258800]
22 Jun 12:26    INFO  valid result: 
recall@10 : 0.1696    recall@20 : 0.2588    recall@50 : 0.4211    ndcg@10 : 0.208    ndcg@20 : 0.2263    ndcg@50 : 0.2768
22 Jun 12:26    INFO  Saving current: saved/NCL-Jun-22-2022_12-13-41.pth
22 Jun 12:26    INFO  Saving current best: saved/NCL-Jun-22-2022_12-13-41.pth
22 Jun 12:26    INFO  epoch 28 training [time: 26.49s, train_loss1: 52.1249, train_loss2: 0.2497, train_loss3: 3.4006]
22 Jun 12:26    INFO  epoch 28 evaluating [time: 0.21s, valid_score: 0.259100]
22 Jun 12:26    INFO  valid result: 
recall@10 : 0.1691    recall@20 : 0.2591    recall@50 : 0.4229    ndcg@10 : 0.2081    ndcg@20 : 0.2267    ndcg@50 : 0.2778
22 Jun 12:26    INFO  Saving current: saved/NCL-Jun-22-2022_12-13-41.pth
22 Jun 12:26    INFO  Saving current best: saved/NCL-Jun-22-2022_12-13-41.pth
22 Jun 12:27    INFO  epoch 29 training [time: 26.46s, train_loss1: 51.9167, train_loss2: 0.2481, train_loss3: 3.3747]
22 Jun 12:27    INFO  epoch 29 evaluating [time: 0.21s, valid_score: 0.259800]
22 Jun 12:27    INFO  valid result: 
recall@10 : 0.1716    recall@20 : 0.2598    recall@50 : 0.4236    ndcg@10 : 0.21    ndcg@20 : 0.2277    ndcg@50 : 0.2789
22 Jun 12:27    INFO  Saving current: saved/NCL-Jun-22-2022_12-13-41.pth
22 Jun 12:27    INFO  Saving current best: saved/NCL-Jun-22-2022_12-13-41.pth
22 Jun 12:27    INFO  epoch 30 training [time: 26.61s, train_loss1: 51.1629, train_loss2: 0.2465, train_loss3: 3.3535]
22 Jun 12:27    INFO  epoch 30 evaluating [time: 0.21s, valid_score: 0.260500]
22 Jun 12:27    INFO  valid result: 
recall@10 : 0.1699    recall@20 : 0.2605    recall@50 : 0.425    ndcg@10 : 0.2092    ndcg@20 : 0.2279    ndcg@50 : 0.2791
22 Jun 12:27    INFO  Saving current: saved/NCL-Jun-22-2022_12-13-41.pth
22 Jun 12:27    INFO  Saving current best: saved/NCL-Jun-22-2022_12-13-41.pth
22 Jun 12:27    INFO  epoch 31 training [time: 26.38s, train_loss1: 50.8349, train_loss2: 0.2448, train_loss3: 3.3275]
22 Jun 12:27    INFO  epoch 31 evaluating [time: 0.22s, valid_score: 0.261200]
22 Jun 12:27    INFO  valid result: 
recall@10 : 0.1718    recall@20 : 0.2612    recall@50 : 0.4273    ndcg@10 : 0.21    ndcg@20 : 0.2282    ndcg@50 : 0.2801
22 Jun 12:27    INFO  Saving current: saved/NCL-Jun-22-2022_12-13-41.pth
22 Jun 12:27    INFO  Saving current best: saved/NCL-Jun-22-2022_12-13-41.pth
22 Jun 12:28    INFO  epoch 32 training [time: 26.54s, train_loss1: 50.5569, train_loss2: 0.2436, train_loss3: 3.3088]
22 Jun 12:28    INFO  epoch 32 evaluating [time: 0.20s, valid_score: 0.261600]
22 Jun 12:28    INFO  valid result: 
recall@10 : 0.1712    recall@20 : 0.2616    recall@50 : 0.4281    ndcg@10 : 0.2102    ndcg@20 : 0.229    ndcg@50 : 0.281
22 Jun 12:28    INFO  Saving current: saved/NCL-Jun-22-2022_12-13-41.pth
22 Jun 12:28    INFO  Saving current best: saved/NCL-Jun-22-2022_12-13-41.pth
22 Jun 12:28    INFO  epoch 33 training [time: 26.48s, train_loss1: 50.4037, train_loss2: 0.2418, train_loss3: 3.2817]
22 Jun 12:28    INFO  epoch 33 evaluating [time: 0.22s, valid_score: 0.262800]
22 Jun 12:28    INFO  valid result: 
recall@10 : 0.1716    recall@20 : 0.2628    recall@50 : 0.4286    ndcg@10 : 0.2106    ndcg@20 : 0.2294    ndcg@50 : 0.2812
22 Jun 12:28    INFO  Saving current: saved/NCL-Jun-22-2022_12-13-41.pth
22 Jun 12:28    INFO  Saving current best: saved/NCL-Jun-22-2022_12-13-41.pth
22 Jun 12:29    INFO  epoch 34 training [time: 26.09s, train_loss1: 49.9766, train_loss2: 0.2410, train_loss3: 3.2665]
22 Jun 12:29    INFO  epoch 34 evaluating [time: 0.22s, valid_score: 0.263300]
22 Jun 12:29    INFO  valid result: 
recall@10 : 0.1727    recall@20 : 0.2633    recall@50 : 0.4304    ndcg@10 : 0.211    ndcg@20 : 0.2299    ndcg@50 : 0.282
22 Jun 12:29    INFO  Saving current: saved/NCL-Jun-22-2022_12-13-41.pth
22 Jun 12:29    INFO  Saving current best: saved/NCL-Jun-22-2022_12-13-41.pth
22 Jun 12:29    INFO  epoch 35 training [time: 26.21s, train_loss1: 49.7626, train_loss2: 0.2391, train_loss3: 3.2383]
22 Jun 12:29    INFO  epoch 35 evaluating [time: 0.22s, valid_score: 0.262900]
22 Jun 12:29    INFO  valid result: 
recall@10 : 0.1717    recall@20 : 0.2629    recall@50 : 0.4312    ndcg@10 : 0.2103    ndcg@20 : 0.2296    ndcg@50 : 0.2821
22 Jun 12:30    INFO  epoch 36 training [time: 26.29s, train_loss1: 49.4002, train_loss2: 0.2382, train_loss3: 3.2240]
22 Jun 12:30    INFO  epoch 36 evaluating [time: 0.21s, valid_score: 0.264400]
22 Jun 12:30    INFO  valid result: 
recall@10 : 0.1716    recall@20 : 0.2644    recall@50 : 0.4322    ndcg@10 : 0.2102    ndcg@20 : 0.2303    ndcg@50 : 0.2826
22 Jun 12:30    INFO  Saving current: saved/NCL-Jun-22-2022_12-13-41.pth
22 Jun 12:30    INFO  Saving current best: saved/NCL-Jun-22-2022_12-13-41.pth
22 Jun 12:30    INFO  epoch 37 training [time: 26.15s, train_loss1: 49.0025, train_loss2: 0.2371, train_loss3: 3.2078]
22 Jun 12:30    INFO  epoch 37 evaluating [time: 0.20s, valid_score: 0.264600]
22 Jun 12:30    INFO  valid result: 
recall@10 : 0.1722    recall@20 : 0.2646    recall@50 : 0.4329    ndcg@10 : 0.2113    ndcg@20 : 0.2312    ndcg@50 : 0.2837
22 Jun 12:30    INFO  Saving current: saved/NCL-Jun-22-2022_12-13-41.pth
22 Jun 12:30    INFO  Saving current best: saved/NCL-Jun-22-2022_12-13-41.pth
22 Jun 12:30    INFO  epoch 38 training [time: 26.38s, train_loss1: 48.9350, train_loss2: 0.2355, train_loss3: 3.1818]
22 Jun 12:30    INFO  epoch 38 evaluating [time: 0.27s, valid_score: 0.265900]
22 Jun 12:30    INFO  valid result: 
recall@10 : 0.1719    recall@20 : 0.2659    recall@50 : 0.4333    ndcg@10 : 0.2108    ndcg@20 : 0.2315    ndcg@50 : 0.2837
22 Jun 12:30    INFO  Saving current: saved/NCL-Jun-22-2022_12-13-41.pth
22 Jun 12:30    INFO  Saving current best: saved/NCL-Jun-22-2022_12-13-41.pth
22 Jun 12:31    INFO  epoch 39 training [time: 26.21s, train_loss1: 48.3695, train_loss2: 0.2344, train_loss3: 3.1655]
22 Jun 12:31    INFO  epoch 39 evaluating [time: 0.24s, valid_score: 0.265900]
22 Jun 12:31    INFO  valid result: 
recall@10 : 0.1725    recall@20 : 0.2659    recall@50 : 0.4348    ndcg@10 : 0.2108    ndcg@20 : 0.2313    ndcg@50 : 0.284
22 Jun 12:31    INFO  Saving current: saved/NCL-Jun-22-2022_12-13-41.pth
22 Jun 12:31    INFO  Saving current best: saved/NCL-Jun-22-2022_12-13-41.pth
22 Jun 12:31    INFO  epoch 40 training [time: 26.17s, train_loss1: 48.4985, train_loss2: 0.2333, train_loss3: 3.1476]
22 Jun 12:31    INFO  epoch 40 evaluating [time: 0.19s, valid_score: 0.266200]
22 Jun 12:31    INFO  valid result: 
recall@10 : 0.1731    recall@20 : 0.2662    recall@50 : 0.4352    ndcg@10 : 0.2111    ndcg@20 : 0.2314    ndcg@50 : 0.2841
22 Jun 12:31    INFO  Saving current: saved/NCL-Jun-22-2022_12-13-41.pth
22 Jun 12:31    INFO  Saving current best: saved/NCL-Jun-22-2022_12-13-41.pth
22 Jun 12:32    INFO  epoch 41 training [time: 26.14s, train_loss1: 47.9922, train_loss2: 0.2322, train_loss3: 3.1299]
22 Jun 12:32    INFO  epoch 41 evaluating [time: 0.44s, valid_score: 0.266600]
22 Jun 12:32    INFO  valid result: 
recall@10 : 0.1725    recall@20 : 0.2666    recall@50 : 0.4355    ndcg@10 : 0.2105    ndcg@20 : 0.2315    ndcg@50 : 0.2842
22 Jun 12:32    INFO  Saving current: saved/NCL-Jun-22-2022_12-13-41.pth
22 Jun 12:32    INFO  Saving current best: saved/NCL-Jun-22-2022_12-13-41.pth
22 Jun 12:32    INFO  epoch 42 training [time: 26.20s, train_loss1: 47.5190, train_loss2: 0.2314, train_loss3: 3.1168]
22 Jun 12:32    INFO  epoch 42 evaluating [time: 0.18s, valid_score: 0.266200]
22 Jun 12:32    INFO  valid result: 
recall@10 : 0.1734    recall@20 : 0.2662    recall@50 : 0.4353    ndcg@10 : 0.2113    ndcg@20 : 0.2316    ndcg@50 : 0.2846
22 Jun 12:33    INFO  epoch 43 training [time: 26.59s, train_loss1: 47.4509, train_loss2: 0.2298, train_loss3: 3.0911]
22 Jun 12:33    INFO  epoch 43 evaluating [time: 0.21s, valid_score: 0.265900]
22 Jun 12:33    INFO  valid result: 
recall@10 : 0.1729    recall@20 : 0.2659    recall@50 : 0.4354    ndcg@10 : 0.2109    ndcg@20 : 0.2314    ndcg@50 : 0.2845
22 Jun 12:33    INFO  epoch 44 training [time: 26.48s, train_loss1: 47.2261, train_loss2: 0.2287, train_loss3: 3.0730]
22 Jun 12:33    INFO  epoch 44 evaluating [time: 0.23s, valid_score: 0.266700]
22 Jun 12:33    INFO  valid result: 
recall@10 : 0.173    recall@20 : 0.2667    recall@50 : 0.4355    ndcg@10 : 0.2113    ndcg@20 : 0.2318    ndcg@50 : 0.2847
22 Jun 12:33    INFO  Saving current: saved/NCL-Jun-22-2022_12-13-41.pth
22 Jun 12:33    INFO  Saving current best: saved/NCL-Jun-22-2022_12-13-41.pth
22 Jun 12:34    INFO  epoch 45 training [time: 26.65s, train_loss1: 46.9371, train_loss2: 0.2282, train_loss3: 3.0644]
22 Jun 12:34    INFO  epoch 45 evaluating [time: 0.20s, valid_score: 0.266500]
22 Jun 12:34    INFO  valid result: 
recall@10 : 0.1736    recall@20 : 0.2665    recall@50 : 0.437    ndcg@10 : 0.2115    ndcg@20 : 0.2319    ndcg@50 : 0.2853
22 Jun 12:34    INFO  epoch 46 training [time: 26.07s, train_loss1: 46.7430, train_loss2: 0.2274, train_loss3: 3.0532]
22 Jun 12:34    INFO  epoch 46 evaluating [time: 0.20s, valid_score: 0.267800]
22 Jun 12:34    INFO  valid result: 
recall@10 : 0.1742    recall@20 : 0.2678    recall@50 : 0.4379    ndcg@10 : 0.2126    ndcg@20 : 0.2328    ndcg@50 : 0.2862
22 Jun 12:34    INFO  Saving current: saved/NCL-Jun-22-2022_12-13-41.pth
22 Jun 12:34    INFO  Saving current best: saved/NCL-Jun-22-2022_12-13-41.pth
22 Jun 12:34    INFO  epoch 47 training [time: 26.22s, train_loss1: 46.7596, train_loss2: 0.2260, train_loss3: 3.0294]
22 Jun 12:34    INFO  epoch 47 evaluating [time: 0.22s, valid_score: 0.267300]
22 Jun 12:34    INFO  valid result: 
recall@10 : 0.1731    recall@20 : 0.2673    recall@50 : 0.4381    ndcg@10 : 0.2117    ndcg@20 : 0.2323    ndcg@50 : 0.2859
22 Jun 12:35    INFO  epoch 48 training [time: 26.21s, train_loss1: 46.1844, train_loss2: 0.2252, train_loss3: 3.0173]
22 Jun 12:35    INFO  epoch 48 evaluating [time: 0.27s, valid_score: 0.268400]
22 Jun 12:35    INFO  valid result: 
recall@10 : 0.1747    recall@20 : 0.2684    recall@50 : 0.4383    ndcg@10 : 0.2132    ndcg@20 : 0.2335    ndcg@50 : 0.2868
22 Jun 12:35    INFO  Saving current: saved/NCL-Jun-22-2022_12-13-41.pth
22 Jun 12:35    INFO  Saving current best: saved/NCL-Jun-22-2022_12-13-41.pth
22 Jun 12:35    INFO  epoch 49 training [time: 26.30s, train_loss1: 46.1328, train_loss2: 0.2243, train_loss3: 3.0009]
22 Jun 12:35    INFO  epoch 49 evaluating [time: 0.21s, valid_score: 0.268600]
22 Jun 12:35    INFO  valid result: 
recall@10 : 0.1738    recall@20 : 0.2686    recall@50 : 0.4381    ndcg@10 : 0.2119    ndcg@20 : 0.2329    ndcg@50 : 0.286
22 Jun 12:35    INFO  Saving current: saved/NCL-Jun-22-2022_12-13-41.pth
22 Jun 12:35    INFO  Saving current best: saved/NCL-Jun-22-2022_12-13-41.pth
22 Jun 12:36    INFO  epoch 50 training [time: 25.82s, train_loss1: 45.8567, train_loss2: 0.2232, train_loss3: 2.9820]
22 Jun 12:36    INFO  epoch 50 evaluating [time: 0.20s, valid_score: 0.269700]
22 Jun 12:36    INFO  valid result: 
recall@10 : 0.1743    recall@20 : 0.2697    recall@50 : 0.4398    ndcg@10 : 0.2129    ndcg@20 : 0.2339    ndcg@50 : 0.2872
22 Jun 12:36    INFO  Saving current: saved/NCL-Jun-22-2022_12-13-41.pth
22 Jun 12:36    INFO  Saving current best: saved/NCL-Jun-22-2022_12-13-41.pth
22 Jun 12:36    INFO  epoch 51 training [time: 26.39s, train_loss1: 45.3710, train_loss2: 0.2226, train_loss3: 2.9727]
22 Jun 12:36    INFO  epoch 51 evaluating [time: 0.22s, valid_score: 0.269600]
22 Jun 12:36    INFO  valid result: 
recall@10 : 0.1747    recall@20 : 0.2696    recall@50 : 0.4407    ndcg@10 : 0.2132    ndcg@20 : 0.2341    ndcg@50 : 0.2878
22 Jun 12:37    INFO  epoch 52 training [time: 26.46s, train_loss1: 45.4360, train_loss2: 0.2220, train_loss3: 2.9620]
22 Jun 12:37    INFO  epoch 52 evaluating [time: 0.20s, valid_score: 0.270800]
22 Jun 12:37    INFO  valid result: 
recall@10 : 0.1751    recall@20 : 0.2708    recall@50 : 0.4409    ndcg@10 : 0.2138    ndcg@20 : 0.2346    ndcg@50 : 0.2882
22 Jun 12:37    INFO  Saving current: saved/NCL-Jun-22-2022_12-13-41.pth
22 Jun 12:37    INFO  Saving current best: saved/NCL-Jun-22-2022_12-13-41.pth
22 Jun 12:37    INFO  epoch 53 training [time: 26.08s, train_loss1: 45.4808, train_loss2: 0.2211, train_loss3: 2.9454]
22 Jun 12:37    INFO  epoch 53 evaluating [time: 0.23s, valid_score: 0.271200]
22 Jun 12:37    INFO  valid result: 
recall@10 : 0.1752    recall@20 : 0.2712    recall@50 : 0.4412    ndcg@10 : 0.2139    ndcg@20 : 0.2351    ndcg@50 : 0.2885
22 Jun 12:37    INFO  Saving current: saved/NCL-Jun-22-2022_12-13-41.pth
22 Jun 12:37    INFO  Saving current best: saved/NCL-Jun-22-2022_12-13-41.pth
22 Jun 12:38    INFO  epoch 54 training [time: 26.71s, train_loss1: 44.8453, train_loss2: 0.2204, train_loss3: 2.9354]
22 Jun 12:38    INFO  epoch 54 evaluating [time: 0.18s, valid_score: 0.271400]
22 Jun 12:38    INFO  valid result: 
recall@10 : 0.1763    recall@20 : 0.2714    recall@50 : 0.4414    ndcg@10 : 0.2138    ndcg@20 : 0.2346    ndcg@50 : 0.2882
22 Jun 12:38    INFO  Saving current: saved/NCL-Jun-22-2022_12-13-41.pth
22 Jun 12:38    INFO  Saving current best: saved/NCL-Jun-22-2022_12-13-41.pth
22 Jun 12:38    INFO  epoch 55 training [time: 25.89s, train_loss1: 44.6828, train_loss2: 0.2192, train_loss3: 2.9156]
22 Jun 12:38    INFO  epoch 55 evaluating [time: 0.48s, valid_score: 0.272000]
22 Jun 12:38    INFO  valid result: 
recall@10 : 0.1755    recall@20 : 0.272    recall@50 : 0.4417    ndcg@10 : 0.2137    ndcg@20 : 0.2352    ndcg@50 : 0.2888
22 Jun 12:38    INFO  Saving current: saved/NCL-Jun-22-2022_12-13-41.pth
22 Jun 12:38    INFO  Saving current best: saved/NCL-Jun-22-2022_12-13-41.pth
22 Jun 12:38    INFO  epoch 56 training [time: 25.97s, train_loss1: 44.8214, train_loss2: 0.2186, train_loss3: 2.9034]
22 Jun 12:38    INFO  epoch 56 evaluating [time: 0.21s, valid_score: 0.270800]
22 Jun 12:38    INFO  valid result: 
recall@10 : 0.1751    recall@20 : 0.2708    recall@50 : 0.4412    ndcg@10 : 0.2131    ndcg@20 : 0.2344    ndcg@50 : 0.2883
22 Jun 12:39    INFO  epoch 57 training [time: 26.11s, train_loss1: 44.4725, train_loss2: 0.2183, train_loss3: 2.8993]
22 Jun 12:39    INFO  epoch 57 evaluating [time: 0.20s, valid_score: 0.271200]
22 Jun 12:39    INFO  valid result: 
recall@10 : 0.1764    recall@20 : 0.2712    recall@50 : 0.4411    ndcg@10 : 0.2139    ndcg@20 : 0.2345    ndcg@50 : 0.2883
22 Jun 12:39    INFO  epoch 58 training [time: 26.19s, train_loss1: 44.3951, train_loss2: 0.2172, train_loss3: 2.8804]
22 Jun 12:39    INFO  epoch 58 evaluating [time: 0.19s, valid_score: 0.271600]
22 Jun 12:39    INFO  valid result: 
recall@10 : 0.1766    recall@20 : 0.2716    recall@50 : 0.4412    ndcg@10 : 0.2141    ndcg@20 : 0.2352    ndcg@50 : 0.2889
22 Jun 12:40    INFO  epoch 59 training [time: 26.22s, train_loss1: 44.2166, train_loss2: 0.2164, train_loss3: 2.8647]
22 Jun 12:40    INFO  epoch 59 evaluating [time: 0.47s, valid_score: 0.272100]
22 Jun 12:40    INFO  valid result: 
recall@10 : 0.1761    recall@20 : 0.2721    recall@50 : 0.4411    ndcg@10 : 0.2143    ndcg@20 : 0.2354    ndcg@50 : 0.289
22 Jun 12:40    INFO  Saving current: saved/NCL-Jun-22-2022_12-13-41.pth
22 Jun 12:40    INFO  Saving current best: saved/NCL-Jun-22-2022_12-13-41.pth
22 Jun 12:40    INFO  epoch 60 training [time: 25.88s, train_loss1: 43.7814, train_loss2: 0.2159, train_loss3: 2.8584]
22 Jun 12:40    INFO  epoch 60 evaluating [time: 0.18s, valid_score: 0.272300]
22 Jun 12:40    INFO  valid result: 
recall@10 : 0.1759    recall@20 : 0.2723    recall@50 : 0.4418    ndcg@10 : 0.2143    ndcg@20 : 0.2357    ndcg@50 : 0.2894
22 Jun 12:40    INFO  Saving current: saved/NCL-Jun-22-2022_12-13-41.pth
22 Jun 12:40    INFO  Saving current best: saved/NCL-Jun-22-2022_12-13-41.pth
22 Jun 12:41    INFO  epoch 61 training [time: 26.26s, train_loss1: 43.9413, train_loss2: 0.2154, train_loss3: 2.8477]
22 Jun 12:41    INFO  epoch 61 evaluating [time: 0.21s, valid_score: 0.272000]
22 Jun 12:41    INFO  valid result: 
recall@10 : 0.1767    recall@20 : 0.272    recall@50 : 0.4421    ndcg@10 : 0.214    ndcg@20 : 0.2352    ndcg@50 : 0.2892
22 Jun 12:41    INFO  epoch 62 training [time: 26.09s, train_loss1: 43.5494, train_loss2: 0.2148, train_loss3: 2.8381]
22 Jun 12:41    INFO  epoch 62 evaluating [time: 0.22s, valid_score: 0.273100]
22 Jun 12:41    INFO  valid result: 
recall@10 : 0.1773    recall@20 : 0.2731    recall@50 : 0.4432    ndcg@10 : 0.215    ndcg@20 : 0.236    ndcg@50 : 0.29
22 Jun 12:41    INFO  Saving current: saved/NCL-Jun-22-2022_12-13-41.pth
22 Jun 12:41    INFO  Saving current best: saved/NCL-Jun-22-2022_12-13-41.pth
22 Jun 12:42    INFO  epoch 63 training [time: 26.51s, train_loss1: 43.2762, train_loss2: 0.2141, train_loss3: 2.8270]
22 Jun 12:42    INFO  epoch 63 evaluating [time: 0.22s, valid_score: 0.272500]
22 Jun 12:42    INFO  valid result: 
recall@10 : 0.1778    recall@20 : 0.2725    recall@50 : 0.4427    ndcg@10 : 0.215    ndcg@20 : 0.2358    ndcg@50 : 0.2899
22 Jun 12:42    INFO  epoch 64 training [time: 26.39s, train_loss1: 43.0478, train_loss2: 0.2136, train_loss3: 2.8188]
22 Jun 12:42    INFO  epoch 64 evaluating [time: 0.21s, valid_score: 0.272100]
22 Jun 12:42    INFO  valid result: 
recall@10 : 0.1772    recall@20 : 0.2721    recall@50 : 0.4425    ndcg@10 : 0.214    ndcg@20 : 0.2351    ndcg@50 : 0.2894
22 Jun 12:42    INFO  epoch 65 training [time: 26.06s, train_loss1: 42.9700, train_loss2: 0.2127, train_loss3: 2.8003]
22 Jun 12:42    INFO  epoch 65 evaluating [time: 0.20s, valid_score: 0.273500]
22 Jun 12:42    INFO  valid result: 
recall@10 : 0.1771    recall@20 : 0.2735    recall@50 : 0.4439    ndcg@10 : 0.2147    ndcg@20 : 0.2359    ndcg@50 : 0.2902
22 Jun 12:42    INFO  Saving current: saved/NCL-Jun-22-2022_12-13-41.pth
22 Jun 12:42    INFO  Saving current best: saved/NCL-Jun-22-2022_12-13-41.pth
22 Jun 12:43    INFO  epoch 66 training [time: 26.50s, train_loss1: 42.9082, train_loss2: 0.2124, train_loss3: 2.7959]
22 Jun 12:43    INFO  epoch 66 evaluating [time: 0.19s, valid_score: 0.272800]
22 Jun 12:43    INFO  valid result: 
recall@10 : 0.1769    recall@20 : 0.2728    recall@50 : 0.4442    ndcg@10 : 0.2136    ndcg@20 : 0.2351    ndcg@50 : 0.2896
22 Jun 12:43    INFO  epoch 67 training [time: 26.19s, train_loss1: 42.8343, train_loss2: 0.2118, train_loss3: 2.7845]
22 Jun 12:43    INFO  epoch 67 evaluating [time: 0.25s, valid_score: 0.274000]
22 Jun 12:43    INFO  valid result: 
recall@10 : 0.1769    recall@20 : 0.274    recall@50 : 0.4447    ndcg@10 : 0.2143    ndcg@20 : 0.2357    ndcg@50 : 0.2902
22 Jun 12:43    INFO  Saving current: saved/NCL-Jun-22-2022_12-13-41.pth
22 Jun 12:43    INFO  Saving current best: saved/NCL-Jun-22-2022_12-13-41.pth
22 Jun 12:44    INFO  epoch 68 training [time: 26.55s, train_loss1: 42.6154, train_loss2: 0.2111, train_loss3: 2.7724]
22 Jun 12:44    INFO  epoch 68 evaluating [time: 0.20s, valid_score: 0.273500]
22 Jun 12:44    INFO  valid result: 
recall@10 : 0.1769    recall@20 : 0.2735    recall@50 : 0.4436    ndcg@10 : 0.214    ndcg@20 : 0.2355    ndcg@50 : 0.2898
22 Jun 12:44    INFO  epoch 69 training [time: 25.95s, train_loss1: 42.4400, train_loss2: 0.2108, train_loss3: 2.7660]
22 Jun 12:44    INFO  epoch 69 evaluating [time: 0.19s, valid_score: 0.273600]
22 Jun 12:44    INFO  valid result: 
recall@10 : 0.1772    recall@20 : 0.2736    recall@50 : 0.4437    ndcg@10 : 0.2144    ndcg@20 : 0.2357    ndcg@50 : 0.2901
22 Jun 12:45    INFO  epoch 70 training [time: 26.42s, train_loss1: 42.2242, train_loss2: 0.2104, train_loss3: 2.7578]
22 Jun 12:45    INFO  epoch 70 evaluating [time: 0.22s, valid_score: 0.274700]
22 Jun 12:45    INFO  valid result: 
recall@10 : 0.177    recall@20 : 0.2747    recall@50 : 0.445    ndcg@10 : 0.2145    ndcg@20 : 0.2364    ndcg@50 : 0.2907
22 Jun 12:45    INFO  Saving current: saved/NCL-Jun-22-2022_12-13-41.pth
22 Jun 12:45    INFO  Saving current best: saved/NCL-Jun-22-2022_12-13-41.pth
22 Jun 12:45    INFO  epoch 71 training [time: 26.36s, train_loss1: 42.1208, train_loss2: 0.2097, train_loss3: 2.7482]
22 Jun 12:45    INFO  epoch 71 evaluating [time: 0.20s, valid_score: 0.274200]
22 Jun 12:45    INFO  valid result: 
recall@10 : 0.1768    recall@20 : 0.2742    recall@50 : 0.4451    ndcg@10 : 0.2139    ndcg@20 : 0.2359    ndcg@50 : 0.2903
22 Jun 12:46    INFO  epoch 72 training [time: 26.28s, train_loss1: 42.0558, train_loss2: 0.2090, train_loss3: 2.7334]
22 Jun 12:46    INFO  epoch 72 evaluating [time: 0.21s, valid_score: 0.273800]
22 Jun 12:46    INFO  valid result: 
recall@10 : 0.1763    recall@20 : 0.2738    recall@50 : 0.4457    ndcg@10 : 0.2131    ndcg@20 : 0.2352    ndcg@50 : 0.2902
22 Jun 12:46    INFO  epoch 73 training [time: 26.34s, train_loss1: 41.8032, train_loss2: 0.2086, train_loss3: 2.7251]
22 Jun 12:46    INFO  epoch 73 evaluating [time: 0.26s, valid_score: 0.273900]
22 Jun 12:46    INFO  valid result: 
recall@10 : 0.176    recall@20 : 0.2739    recall@50 : 0.4459    ndcg@10 : 0.213    ndcg@20 : 0.2353    ndcg@50 : 0.2904
22 Jun 12:46    INFO  epoch 74 training [time: 26.24s, train_loss1: 41.7580, train_loss2: 0.2082, train_loss3: 2.7167]
22 Jun 12:46    INFO  epoch 74 evaluating [time: 0.23s, valid_score: 0.274900]
22 Jun 12:46    INFO  valid result: 
recall@10 : 0.1757    recall@20 : 0.2749    recall@50 : 0.4456    ndcg@10 : 0.2127    ndcg@20 : 0.2359    ndcg@50 : 0.2902
22 Jun 12:46    INFO  Saving current: saved/NCL-Jun-22-2022_12-13-41.pth
22 Jun 12:46    INFO  Saving current best: saved/NCL-Jun-22-2022_12-13-41.pth
22 Jun 12:47    INFO  epoch 75 training [time: 26.50s, train_loss1: 41.6050, train_loss2: 0.2073, train_loss3: 2.7023]
22 Jun 12:47    INFO  epoch 75 evaluating [time: 0.19s, valid_score: 0.274500]
22 Jun 12:47    INFO  valid result: 
recall@10 : 0.1765    recall@20 : 0.2745    recall@50 : 0.4462    ndcg@10 : 0.2134    ndcg@20 : 0.2358    ndcg@50 : 0.2908
22 Jun 12:47    INFO  epoch 76 training [time: 26.18s, train_loss1: 41.4771, train_loss2: 0.2075, train_loss3: 2.7027]
22 Jun 12:47    INFO  epoch 76 evaluating [time: 0.24s, valid_score: 0.274300]
22 Jun 12:47    INFO  valid result: 
recall@10 : 0.1765    recall@20 : 0.2743    recall@50 : 0.4458    ndcg@10 : 0.2129    ndcg@20 : 0.2354    ndcg@50 : 0.2903
22 Jun 12:48    INFO  epoch 77 training [time: 26.55s, train_loss1: 41.2515, train_loss2: 0.2070, train_loss3: 2.6950]
22 Jun 12:48    INFO  epoch 77 evaluating [time: 0.24s, valid_score: 0.274300]
22 Jun 12:48    INFO  valid result: 
recall@10 : 0.1775    recall@20 : 0.2743    recall@50 : 0.4472    ndcg@10 : 0.2146    ndcg@20 : 0.2362    ndcg@50 : 0.2914
22 Jun 12:48    INFO  epoch 78 training [time: 26.35s, train_loss1: 41.2667, train_loss2: 0.2063, train_loss3: 2.6846]
22 Jun 12:48    INFO  epoch 78 evaluating [time: 0.42s, valid_score: 0.274800]
22 Jun 12:48    INFO  valid result: 
recall@10 : 0.1773    recall@20 : 0.2748    recall@50 : 0.4469    ndcg@10 : 0.2139    ndcg@20 : 0.2361    ndcg@50 : 0.2911
22 Jun 12:49    INFO  epoch 79 training [time: 26.59s, train_loss1: 41.0059, train_loss2: 0.2062, train_loss3: 2.6801]
22 Jun 12:49    INFO  epoch 79 evaluating [time: 0.21s, valid_score: 0.275500]
22 Jun 12:49    INFO  valid result: 
recall@10 : 0.1767    recall@20 : 0.2755    recall@50 : 0.4471    ndcg@10 : 0.2138    ndcg@20 : 0.2364    ndcg@50 : 0.2915
22 Jun 12:49    INFO  Saving current: saved/NCL-Jun-22-2022_12-13-41.pth
22 Jun 12:49    INFO  Saving current best: saved/NCL-Jun-22-2022_12-13-41.pth
22 Jun 12:49    INFO  epoch 80 training [time: 26.38s, train_loss1: 40.7934, train_loss2: 0.2055, train_loss3: 2.6675]
22 Jun 12:49    INFO  epoch 80 evaluating [time: 0.23s, valid_score: 0.275200]
22 Jun 12:49    INFO  valid result: 
recall@10 : 0.1772    recall@20 : 0.2752    recall@50 : 0.4465    ndcg@10 : 0.2131    ndcg@20 : 0.2357    ndcg@50 : 0.2906
22 Jun 12:50    INFO  epoch 81 training [time: 26.67s, train_loss1: 40.6882, train_loss2: 0.2051, train_loss3: 2.6593]
22 Jun 12:50    INFO  epoch 81 evaluating [time: 0.21s, valid_score: 0.275800]
22 Jun 12:50    INFO  valid result: 
recall@10 : 0.1777    recall@20 : 0.2758    recall@50 : 0.447    ndcg@10 : 0.2137    ndcg@20 : 0.236    ndcg@50 : 0.2908
22 Jun 12:50    INFO  Saving current: saved/NCL-Jun-22-2022_12-13-41.pth
22 Jun 12:50    INFO  Saving current best: saved/NCL-Jun-22-2022_12-13-41.pth
22 Jun 12:50    INFO  epoch 82 training [time: 26.53s, train_loss1: 40.5053, train_loss2: 0.2047, train_loss3: 2.6545]
22 Jun 12:50    INFO  epoch 82 evaluating [time: 0.22s, valid_score: 0.275300]
22 Jun 12:50    INFO  valid result: 
recall@10 : 0.1774    recall@20 : 0.2753    recall@50 : 0.4468    ndcg@10 : 0.2135    ndcg@20 : 0.2359    ndcg@50 : 0.291
22 Jun 12:50    INFO  epoch 83 training [time: 26.19s, train_loss1: 40.6043, train_loss2: 0.2043, train_loss3: 2.6426]
22 Jun 12:50    INFO  epoch 83 evaluating [time: 0.23s, valid_score: 0.275300]
22 Jun 12:50    INFO  valid result: 
recall@10 : 0.1777    recall@20 : 0.2753    recall@50 : 0.4474    ndcg@10 : 0.2142    ndcg@20 : 0.2363    ndcg@50 : 0.2916
22 Jun 12:51    INFO  epoch 84 training [time: 26.39s, train_loss1: 40.3980, train_loss2: 0.2035, train_loss3: 2.6319]
22 Jun 12:51    INFO  epoch 84 evaluating [time: 0.22s, valid_score: 0.274700]
22 Jun 12:51    INFO  valid result: 
recall@10 : 0.1784    recall@20 : 0.2747    recall@50 : 0.4465    ndcg@10 : 0.2137    ndcg@20 : 0.2356    ndcg@50 : 0.2909
22 Jun 12:51    INFO  epoch 85 training [time: 26.35s, train_loss1: 40.0398, train_loss2: 0.2034, train_loss3: 2.6278]
22 Jun 12:51    INFO  epoch 85 evaluating [time: 0.22s, valid_score: 0.275000]
22 Jun 12:51    INFO  valid result: 
recall@10 : 0.1772    recall@20 : 0.275    recall@50 : 0.4466    ndcg@10 : 0.2131    ndcg@20 : 0.2356    ndcg@50 : 0.2906
22 Jun 12:52    INFO  epoch 86 training [time: 26.51s, train_loss1: 40.0408, train_loss2: 0.2030, train_loss3: 2.6207]
22 Jun 12:52    INFO  epoch 86 evaluating [time: 0.19s, valid_score: 0.276600]
22 Jun 12:52    INFO  valid result: 
recall@10 : 0.1778    recall@20 : 0.2766    recall@50 : 0.4471    ndcg@10 : 0.2134    ndcg@20 : 0.2363    ndcg@50 : 0.2909
22 Jun 12:52    INFO  Saving current: saved/NCL-Jun-22-2022_12-13-41.pth
22 Jun 12:52    INFO  Saving current best: saved/NCL-Jun-22-2022_12-13-41.pth
22 Jun 12:52    INFO  epoch 87 training [time: 26.27s, train_loss1: 40.1126, train_loss2: 0.2024, train_loss3: 2.6100]
22 Jun 12:52    INFO  epoch 87 evaluating [time: 0.21s, valid_score: 0.275800]
22 Jun 12:52    INFO  valid result: 
recall@10 : 0.1769    recall@20 : 0.2758    recall@50 : 0.4478    ndcg@10 : 0.2132    ndcg@20 : 0.2361    ndcg@50 : 0.2912
22 Jun 12:53    INFO  epoch 88 training [time: 26.90s, train_loss1: 39.6829, train_loss2: 0.2023, train_loss3: 2.6058]
22 Jun 12:53    INFO  epoch 88 evaluating [time: 0.22s, valid_score: 0.276100]
22 Jun 12:53    INFO  valid result: 
recall@10 : 0.1789    recall@20 : 0.2761    recall@50 : 0.4476    ndcg@10 : 0.2147    ndcg@20 : 0.2366    ndcg@50 : 0.2917
22 Jun 12:53    INFO  epoch 89 training [time: 26.25s, train_loss1: 39.8639, train_loss2: 0.2020, train_loss3: 2.6006]
22 Jun 12:53    INFO  epoch 89 evaluating [time: 0.26s, valid_score: 0.275800]
22 Jun 12:53    INFO  valid result: 
recall@10 : 0.1778    recall@20 : 0.2758    recall@50 : 0.4485    ndcg@10 : 0.2138    ndcg@20 : 0.2361    ndcg@50 : 0.2915
22 Jun 12:54    INFO  epoch 90 training [time: 26.32s, train_loss1: 39.6773, train_loss2: 0.2017, train_loss3: 2.5925]
22 Jun 12:54    INFO  epoch 90 evaluating [time: 0.62s, valid_score: 0.275500]
22 Jun 12:54    INFO  valid result: 
recall@10 : 0.1781    recall@20 : 0.2755    recall@50 : 0.4472    ndcg@10 : 0.2133    ndcg@20 : 0.2358    ndcg@50 : 0.291
22 Jun 12:54    INFO  epoch 91 training [time: 26.12s, train_loss1: 39.3957, train_loss2: 0.2012, train_loss3: 2.5845]
22 Jun 12:54    INFO  epoch 91 evaluating [time: 0.21s, valid_score: 0.275500]
22 Jun 12:54    INFO  valid result: 
recall@10 : 0.1778    recall@20 : 0.2755    recall@50 : 0.4469    ndcg@10 : 0.2129    ndcg@20 : 0.2355    ndcg@50 : 0.2906
22 Jun 12:54    INFO  epoch 92 training [time: 26.40s, train_loss1: 39.3247, train_loss2: 0.2012, train_loss3: 2.5824]
22 Jun 12:54    INFO  epoch 92 evaluating [time: 0.20s, valid_score: 0.276000]
22 Jun 12:54    INFO  valid result: 
recall@10 : 0.1779    recall@20 : 0.276    recall@50 : 0.4482    ndcg@10 : 0.2137    ndcg@20 : 0.2362    ndcg@50 : 0.2915
22 Jun 12:55    INFO  epoch 93 training [time: 26.14s, train_loss1: 39.3030, train_loss2: 0.2004, train_loss3: 2.5697]
22 Jun 12:55    INFO  epoch 93 evaluating [time: 0.18s, valid_score: 0.277100]
22 Jun 12:55    INFO  valid result: 
recall@10 : 0.1796    recall@20 : 0.2771    recall@50 : 0.4489    ndcg@10 : 0.2149    ndcg@20 : 0.2366    ndcg@50 : 0.2917
22 Jun 12:55    INFO  Saving current: saved/NCL-Jun-22-2022_12-13-41.pth
22 Jun 12:55    INFO  Saving current best: saved/NCL-Jun-22-2022_12-13-41.pth
22 Jun 12:55    INFO  epoch 94 training [time: 26.25s, train_loss1: 39.1371, train_loss2: 0.2001, train_loss3: 2.5635]
22 Jun 12:55    INFO  epoch 94 evaluating [time: 0.21s, valid_score: 0.276600]
22 Jun 12:55    INFO  valid result: 
recall@10 : 0.179    recall@20 : 0.2766    recall@50 : 0.4484    ndcg@10 : 0.2139    ndcg@20 : 0.2361    ndcg@50 : 0.2913
22 Jun 12:56    INFO  epoch 95 training [time: 25.98s, train_loss1: 39.0052, train_loss2: 0.2002, train_loss3: 2.5614]
22 Jun 12:56    INFO  epoch 95 evaluating [time: 0.22s, valid_score: 0.275600]
22 Jun 12:56    INFO  valid result: 
recall@10 : 0.1782    recall@20 : 0.2756    recall@50 : 0.4477    ndcg@10 : 0.2124    ndcg@20 : 0.2349    ndcg@50 : 0.2903
22 Jun 12:56    INFO  epoch 96 training [time: 25.70s, train_loss1: 38.7454, train_loss2: 0.1994, train_loss3: 2.5512]
22 Jun 12:56    INFO  epoch 96 evaluating [time: 0.22s, valid_score: 0.277200]
22 Jun 12:56    INFO  valid result: 
recall@10 : 0.1784    recall@20 : 0.2772    recall@50 : 0.4493    ndcg@10 : 0.2139    ndcg@20 : 0.2365    ndcg@50 : 0.2919
22 Jun 12:56    INFO  Saving current: saved/NCL-Jun-22-2022_12-13-41.pth
22 Jun 12:56    INFO  Saving current best: saved/NCL-Jun-22-2022_12-13-41.pth
22 Jun 12:57    INFO  epoch 97 training [time: 25.91s, train_loss1: 38.7984, train_loss2: 0.1992, train_loss3: 2.5454]
22 Jun 12:57    INFO  epoch 97 evaluating [time: 0.40s, valid_score: 0.277500]
22 Jun 12:57    INFO  valid result: 
recall@10 : 0.1785    recall@20 : 0.2775    recall@50 : 0.4499    ndcg@10 : 0.2139    ndcg@20 : 0.2367    ndcg@50 : 0.2921
22 Jun 12:57    INFO  Saving current: saved/NCL-Jun-22-2022_12-13-41.pth
22 Jun 12:57    INFO  Saving current best: saved/NCL-Jun-22-2022_12-13-41.pth
22 Jun 12:57    INFO  epoch 98 training [time: 26.04s, train_loss1: 38.7703, train_loss2: 0.1990, train_loss3: 2.5418]
22 Jun 12:57    INFO  epoch 98 evaluating [time: 0.19s, valid_score: 0.277300]
22 Jun 12:57    INFO  valid result: 
recall@10 : 0.1785    recall@20 : 0.2773    recall@50 : 0.4483    ndcg@10 : 0.2135    ndcg@20 : 0.2363    ndcg@50 : 0.2913
22 Jun 12:57    INFO  epoch 99 training [time: 26.19s, train_loss1: 38.6688, train_loss2: 0.1986, train_loss3: 2.5330]
22 Jun 12:57    INFO  epoch 99 evaluating [time: 0.20s, valid_score: 0.277500]
22 Jun 12:57    INFO  valid result: 
recall@10 : 0.1783    recall@20 : 0.2775    recall@50 : 0.4489    ndcg@10 : 0.2138    ndcg@20 : 0.2367    ndcg@50 : 0.2918
22 Jun 12:57    INFO  Saving current: saved/NCL-Jun-22-2022_12-13-41.pth
22 Jun 12:57    INFO  Saving current best: saved/NCL-Jun-22-2022_12-13-41.pth
22 Jun 12:58    INFO  epoch 100 training [time: 25.36s, train_loss1: 38.5185, train_loss2: 0.1984, train_loss3: 2.5297]
22 Jun 12:58    INFO  epoch 100 evaluating [time: 0.21s, valid_score: 0.278600]
22 Jun 12:58    INFO  valid result: 
recall@10 : 0.179    recall@20 : 0.2786    recall@50 : 0.4496    ndcg@10 : 0.2145    ndcg@20 : 0.2374    ndcg@50 : 0.2924
22 Jun 12:58    INFO  Saving current: saved/NCL-Jun-22-2022_12-13-41.pth
22 Jun 12:58    INFO  Saving current best: saved/NCL-Jun-22-2022_12-13-41.pth
22 Jun 12:58    INFO  epoch 101 training [time: 25.61s, train_loss1: 38.3759, train_loss2: 0.1984, train_loss3: 2.5283]
22 Jun 12:58    INFO  epoch 101 evaluating [time: 0.21s, valid_score: 0.278100]
22 Jun 12:58    INFO  valid result: 
recall@10 : 0.1785    recall@20 : 0.2781    recall@50 : 0.4489    ndcg@10 : 0.2141    ndcg@20 : 0.2373    ndcg@50 : 0.2921
22 Jun 12:59    INFO  epoch 102 training [time: 26.23s, train_loss1: 38.4035, train_loss2: 0.1984, train_loss3: 2.5275]
22 Jun 12:59    INFO  epoch 102 evaluating [time: 0.19s, valid_score: 0.277400]
22 Jun 12:59    INFO  valid result: 
recall@10 : 0.1782    recall@20 : 0.2774    recall@50 : 0.448    ndcg@10 : 0.2139    ndcg@20 : 0.2367    ndcg@50 : 0.2915
22 Jun 12:59    INFO  epoch 103 training [time: 26.41s, train_loss1: 38.2723, train_loss2: 0.1980, train_loss3: 2.5199]
22 Jun 12:59    INFO  epoch 103 evaluating [time: 0.20s, valid_score: 0.277800]
22 Jun 12:59    INFO  valid result: 
recall@10 : 0.1794    recall@20 : 0.2778    recall@50 : 0.4487    ndcg@10 : 0.2148    ndcg@20 : 0.2372    ndcg@50 : 0.2921
22 Jun 13:00    INFO  epoch 104 training [time: 26.15s, train_loss1: 38.1038, train_loss2: 0.1975, train_loss3: 2.5103]
22 Jun 13:00    INFO  epoch 104 evaluating [time: 0.21s, valid_score: 0.277900]
22 Jun 13:00    INFO  valid result: 
recall@10 : 0.1784    recall@20 : 0.2779    recall@50 : 0.4483    ndcg@10 : 0.2132    ndcg@20 : 0.2362    ndcg@50 : 0.2911
22 Jun 13:00    INFO  epoch 105 training [time: 25.98s, train_loss1: 38.0809, train_loss2: 0.1976, train_loss3: 2.5086]
22 Jun 13:00    INFO  epoch 105 evaluating [time: 0.24s, valid_score: 0.277500]
22 Jun 13:00    INFO  valid result: 
recall@10 : 0.1777    recall@20 : 0.2775    recall@50 : 0.4475    ndcg@10 : 0.2127    ndcg@20 : 0.236    ndcg@50 : 0.2908
22 Jun 13:01    INFO  epoch 106 training [time: 26.21s, train_loss1: 37.8919, train_loss2: 0.1971, train_loss3: 2.5004]
22 Jun 13:01    INFO  epoch 106 evaluating [time: 0.19s, valid_score: 0.276100]
22 Jun 13:01    INFO  valid result: 
recall@10 : 0.1792    recall@20 : 0.2761    recall@50 : 0.4471    ndcg@10 : 0.2132    ndcg@20 : 0.2355    ndcg@50 : 0.2906
22 Jun 13:01    INFO  epoch 107 training [time: 26.10s, train_loss1: 37.8563, train_loss2: 0.1971, train_loss3: 2.4986]
22 Jun 13:01    INFO  epoch 107 evaluating [time: 0.27s, valid_score: 0.277200]
22 Jun 13:01    INFO  valid result: 
recall@10 : 0.1786    recall@20 : 0.2772    recall@50 : 0.447    ndcg@10 : 0.2125    ndcg@20 : 0.2355    ndcg@50 : 0.2903
22 Jun 13:01    INFO  epoch 108 training [time: 26.05s, train_loss1: 37.7064, train_loss2: 0.1967, train_loss3: 2.4925]
22 Jun 13:01    INFO  epoch 108 evaluating [time: 0.20s, valid_score: 0.278000]
22 Jun 13:01    INFO  valid result: 
recall@10 : 0.1789    recall@20 : 0.278    recall@50 : 0.4483    ndcg@10 : 0.2128    ndcg@20 : 0.236    ndcg@50 : 0.2908
22 Jun 13:02    INFO  epoch 109 training [time: 26.71s, train_loss1: 37.6825, train_loss2: 0.1967, train_loss3: 2.4891]
22 Jun 13:02    INFO  epoch 109 evaluating [time: 0.20s, valid_score: 0.278300]
22 Jun 13:02    INFO  valid result: 
recall@10 : 0.1784    recall@20 : 0.2783    recall@50 : 0.448    ndcg@10 : 0.2128    ndcg@20 : 0.2362    ndcg@50 : 0.2909
22 Jun 13:02    INFO  epoch 110 training [time: 26.34s, train_loss1: 37.5373, train_loss2: 0.1961, train_loss3: 2.4801]
22 Jun 13:02    INFO  epoch 110 evaluating [time: 0.25s, valid_score: 0.277200]
22 Jun 13:02    INFO  valid result: 
recall@10 : 0.1783    recall@20 : 0.2772    recall@50 : 0.4481    ndcg@10 : 0.2127    ndcg@20 : 0.2358    ndcg@50 : 0.2909
22 Jun 13:03    INFO  epoch 111 training [time: 26.07s, train_loss1: 37.4130, train_loss2: 0.1958, train_loss3: 2.4737]
22 Jun 13:03    INFO  epoch 111 evaluating [time: 0.22s, valid_score: 0.277300]
22 Jun 13:03    INFO  valid result: 
recall@10 : 0.1785    recall@20 : 0.2773    recall@50 : 0.4484    ndcg@10 : 0.2129    ndcg@20 : 0.236    ndcg@50 : 0.2911
22 Jun 13:03    INFO  Finished training, best eval result in epoch 100
22 Jun 13:03    INFO  Loading model structure and parameters from saved/NCL-Jun-22-2022_12-13-41.pth
22 Jun 13:03    INFO  best valid : OrderedDict([('recall@10', 0.179), ('recall@20', 0.2786), ('recall@50', 0.4496), ('ndcg@10', 0.2145), ('ndcg@20', 0.2374), ('ndcg@50', 0.2924)])
22 Jun 13:03    INFO  test result: OrderedDict([('recall@10', 0.2045), ('recall@20', 0.3064), ('recall@50', 0.4758), ('ndcg@10', 0.2636), ('ndcg@20', 0.2793), ('ndcg@50', 0.3283)])
